[2023-03-23 12:46:20] [ INFO ] [OdontologoService:23] Se comenzo el registro del odontologo con nombre: Junior
[2023-03-23 12:46:35] [ INFO ] [OdontologoService:23] Se comenzo el registro del odontologo con nombre: Diana
[2023-03-23 12:46:38] [ INFO ] [OdontologoService:46] Se comenzo la búsqueda de los odontologos.
[2023-03-23 12:46:40] [ INFO ] [OdontologoService:27] Se comenzo la búsqueda del odontologo con ID: 1
[2023-03-23 12:46:46] [ INFO ] [OdontologoService:27] Se comenzo la búsqueda del odontologo con ID: 1
[2023-03-23 12:46:46] [ INFO ] [OdontologoService:31] Se comenzo a actualizar al odontologo con ID: 1
[2023-03-23 12:46:46] [ INFO ] [OdontologoService:46] Se comenzo la búsqueda de los odontologos.
[2023-03-23 12:47:04] [ INFO ] [PacienteService:60] Se comenzo la búsqueda del odontologo con Email: germa@gmail.com
[2023-03-23 12:47:04] [ INFO ] [PacienteService:26] Se comenzo el registro del paciente con nombre: Antonio
[2023-03-23 12:47:28] [ INFO ] [PacienteService:60] Se comenzo la búsqueda del odontologo con Email: yohaskj22@gmail.com
[2023-03-23 12:47:28] [ INFO ] [PacienteService:26] Se comenzo el registro del paciente con nombre: Juan Pablo
[2023-03-23 12:47:29] [ INFO ] [PacienteService:55] Se comenzo la búsqueda de los pacientes.
[2023-03-23 12:47:33] [ INFO ] [PacienteService:31] Se comenzo la búsqueda del paciente con ID: 2
[2023-03-23 12:47:42] [ INFO ] [PacienteService:31] Se comenzo la búsqueda del paciente con ID: 2
[2023-03-23 12:47:42] [ INFO ] [PacienteService:38] Se comenzo a actualizar al paciente con ID: 2
[2023-03-23 12:47:42] [ INFO ] [PacienteService:55] Se comenzo la búsqueda de los pacientes.
[2023-03-23 12:48:42] [ INFO ] [OdontologoService:27] Se comenzo la búsqueda del odontologo con ID: 2
[2023-03-23 12:48:42] [ INFO ] [PacienteService:31] Se comenzo la búsqueda del paciente con ID: 1
[2023-03-23 12:48:42] [ INFO ] [TurnoService:33] Comenzo el registo del TurnoDTO con ID: null
[2023-03-23 12:48:52] [ INFO ] [OdontologoService:27] Se comenzo la búsqueda del odontologo con ID: 1
[2023-03-23 12:48:52] [ INFO ] [PacienteService:31] Se comenzo la búsqueda del paciente con ID: 1
[2023-03-23 12:48:52] [ INFO ] [TurnoService:33] Comenzo el registo del TurnoDTO con ID: null
[2023-03-23 12:48:55] [ INFO ] [TurnoService:97] Se comenzo la búsqueda de los turnos.
[2023-03-23 12:49:14] [ INFO ] [TurnoService:39] Comenzo la búsqueda del TurnoDTO con ID: 1
[2023-03-23 12:49:38] [ INFO ] [TurnoService:39] Comenzo la búsqueda del TurnoDTO con ID: 1
[2023-03-23 12:49:38] [ INFO ] [OdontologoService:27] Se comenzo la búsqueda del odontologo con ID: 1
[2023-03-23 12:49:38] [ INFO ] [PacienteService:31] Se comenzo la búsqueda del paciente con ID: 1
[2023-03-23 12:49:38] [ INFO ] [TurnoService:52] Se comenzo a actualizar el TurnoDTO con ID: 1
[2023-03-23 12:49:38] [ INFO ] [TurnoService:97] Se comenzo la búsqueda de los turnos.
[2023-03-23 12:50:19] [ INFO ] [OdontologoService:27] Se comenzo la búsqueda del odontologo con ID: 2
[2023-03-23 12:50:19] [ INFO ] [PacienteService:31] Se comenzo la búsqueda del paciente con ID: 2
[2023-03-23 12:50:19] [ INFO ] [TurnoService:33] Comenzo el registo del TurnoDTO con ID: null
[2023-03-23 12:50:29] [ INFO ] [OdontologoService:27] Se comenzo la búsqueda del odontologo con ID: 2
[2023-03-23 12:50:29] [ INFO ] [PacienteService:31] Se comenzo la búsqueda del paciente con ID: 1
[2023-03-23 12:50:29] [ INFO ] [TurnoService:33] Comenzo el registo del TurnoDTO con ID: null
[2023-03-23 12:50:31] [ INFO ] [TurnoService:97] Se comenzo la búsqueda de los turnos.
[2023-03-23 12:51:40] [ INFO ] [OdontologoService:23] Se comenzo el registro del odontologo con nombre: Carolina
[2023-03-23 12:51:42] [ INFO ] [OdontologoService:46] Se comenzo la búsqueda de los odontologos.
[2023-03-23 12:52:11] [ INFO ] [PacienteService:55] Se comenzo la búsqueda de los pacientes.
[2023-03-23 12:54:23] [ INFO ] [TurnoService:97] Se comenzo la búsqueda de los turnos.
[2023-03-23 12:55:35] [ INFO ] [OdontologoService:27] Se comenzo la búsqueda del odontologo con ID: null
[2023-03-23 12:55:59] [ INFO ] [OdontologoService:27] Se comenzo la búsqueda del odontologo con ID: null
[2023-03-23 13:56:36] [ INFO ] [PacienteService:60] Se comenzo la búsqueda del odontologo con Email: yohaskj22@gmail.com
[2023-03-23 13:57:58] [ INFO ] [PacienteService:55] Se comenzo la búsqueda de los pacientes.
[2023-03-23 13:58:44] [ INFO ] [PacienteService:60] Se comenzo la búsqueda del odontologo con Email: juand@gmail.com
[2023-03-23 13:58:44] [ INFO ] [PacienteService:26] Se comenzo el registro del paciente con nombre: Juan
[2023-03-23 13:58:51] [ INFO ] [OdontologoService:46] Se comenzo la búsqueda de los odontologos.
[2023-03-23 13:58:54] [ INFO ] [PacienteService:55] Se comenzo la búsqueda de los pacientes.
[2023-03-23 13:59:09] [ INFO ] [OdontologoService:46] Se comenzo la búsqueda de los odontologos.
[2023-03-23 13:59:13] [ INFO ] [PacienteService:55] Se comenzo la búsqueda de los pacientes.
[2023-03-23 13:59:39] [ INFO ] [PacienteService:55] Se comenzo la búsqueda de los pacientes.
[2023-03-23 14:00:02] [ INFO ] [OdontologoService:27] Se comenzo la búsqueda del odontologo con ID: 3
[2023-03-23 14:00:15] [ INFO ] [OdontologoService:46] Se comenzo la búsqueda de los odontologos.
[2023-03-23 14:00:51] [ INFO ] [TurnoService:97] Se comenzo la búsqueda de los turnos.
[2023-03-23 14:01:34] [ INFO ] [OdontologoService:27] Se comenzo la búsqueda del odontologo con ID: null
[2023-03-23 14:16:38] [ INFO ] [OdontologoService:46] Se comenzo la búsqueda de los odontologos.
[2023-03-23 14:16:53] [ INFO ] [OdontologoService:23] Se comenzo el registro del odontologo con nombre: Diana
[2023-03-23 14:16:58] [ INFO ] [OdontologoService:23] Se comenzo el registro del odontologo con nombre: Junior
[2023-03-23 14:17:05] [ INFO ] [OdontologoService:23] Se comenzo el registro del odontologo con nombre: Carolina
[2023-03-23 14:17:07] [ INFO ] [OdontologoService:46] Se comenzo la búsqueda de los odontologos.
[2023-03-23 14:17:24] [ INFO ] [PacienteService:60] Se comenzo la búsqueda del odontologo con Email: yohaskj22@gmail.com
[2023-03-23 14:17:24] [ INFO ] [PacienteService:26] Se comenzo el registro del paciente con nombre: Juan Pablo
[2023-03-23 14:17:47] [ INFO ] [PacienteService:60] Se comenzo la búsqueda del odontologo con Email: diego@hotmail.com
[2023-03-23 14:17:47] [ INFO ] [PacienteService:26] Se comenzo el registro del paciente con nombre: diego
[2023-03-23 14:18:04] [ INFO ] [PacienteService:60] Se comenzo la búsqueda del odontologo con Email: luz@gmail.com
[2023-03-23 14:18:04] [ INFO ] [PacienteService:26] Se comenzo el registro del paciente con nombre: Luz mila
[2023-03-23 14:18:07] [ INFO ] [PacienteService:55] Se comenzo la búsqueda de los pacientes.
[2023-03-23 14:18:21] [ INFO ] [OdontologoService:27] Se comenzo la búsqueda del odontologo con ID: 2
[2023-03-23 14:18:21] [ INFO ] [PacienteService:31] Se comenzo la búsqueda del paciente con ID: 1
[2023-03-23 14:18:21] [ INFO ] [TurnoService:33] Comenzo el registo del TurnoDTO con ID: null
[2023-03-23 14:18:32] [ INFO ] [OdontologoService:27] Se comenzo la búsqueda del odontologo con ID: 1
[2023-03-23 14:18:32] [ INFO ] [PacienteService:31] Se comenzo la búsqueda del paciente con ID: 2
[2023-03-23 14:18:32] [ INFO ] [TurnoService:33] Comenzo el registo del TurnoDTO con ID: null
[2023-03-23 14:18:41] [ INFO ] [OdontologoService:27] Se comenzo la búsqueda del odontologo con ID: 1
[2023-03-23 14:18:41] [ INFO ] [PacienteService:31] Se comenzo la búsqueda del paciente con ID: 3
[2023-03-23 14:18:41] [ INFO ] [TurnoService:33] Comenzo el registo del TurnoDTO con ID: null
[2023-03-23 14:23:27] [ INFO ] [OdontologoService:46] Se comenzo la búsqueda de los odontologos.
[2023-03-23 14:23:35] [ INFO ] [OdontologoService:23] Se comenzo el registro del odontologo con nombre: Juan Pablo
[2023-03-23 14:23:48] [ INFO ] [PacienteService:60] Se comenzo la búsqueda del odontologo con Email: yohaskj22@gmail.com
[2023-03-23 14:23:48] [ INFO ] [PacienteService:26] Se comenzo el registro del paciente con nombre: Juan Pablo
[2023-03-23 14:23:59] [ INFO ] [OdontologoService:27] Se comenzo la búsqueda del odontologo con ID: 1
[2023-03-23 14:23:59] [ INFO ] [PacienteService:31] Se comenzo la búsqueda del paciente con ID: 1
[2023-03-23 14:23:59] [ INFO ] [TurnoService:33] Comenzo el registo del TurnoDTO con ID: null
[2023-03-23 14:24:01] [ INFO ] [TurnoService:97] Se comenzo la búsqueda de los turnos.
[2023-03-23 19:50:29] [ INFO ] [PacienteService:60] Se comenzo la búsqueda del odontologo con Email: yohaskj22@gmail.com
[2023-03-23 19:50:29] [ INFO ] [PacienteService:26] Se comenzo el registro del paciente con nombre: Yohana
[2023-03-23 19:50:39] [ INFO ] [PacienteService:55] Se comenzo la búsqueda de los pacientes.
[2023-03-23 19:50:48] [ INFO ] [PacienteService:60] Se comenzo la búsqueda del odontologo con Email: juand@gmail.com
[2023-03-23 19:50:48] [ INFO ] [PacienteService:26] Se comenzo el registro del paciente con nombre: Juan
[2023-03-23 19:51:16] [ INFO ] [PacienteService:31] Se comenzo la búsqueda del paciente con ID: 3
[2023-03-23 19:51:47] [ INFO ] [PacienteService:55] Se comenzo la búsqueda de los pacientes.
[2023-03-23 19:52:05] [ INFO ] [OdontologoService:27] Se comenzo la búsqueda del odontologo con ID: 3
[2023-03-23 19:52:19] [ INFO ] [OdontologoService:23] Se comenzo el registro del odontologo con nombre: Diego
[2023-03-23 19:52:25] [ INFO ] [OdontologoService:46] Se comenzo la búsqueda de los odontologos.
[2023-03-23 19:52:35] [ INFO ] [TurnoService:97] Se comenzo la búsqueda de los turnos.
[2023-03-23 19:52:45] [ INFO ] [OdontologoService:27] Se comenzo la búsqueda del odontologo con ID: null
[2023-03-23 19:55:25] [ INFO ] [OdontologoService:27] Se comenzo la búsqueda del odontologo con ID: null
[2023-03-23 19:55:53] [ INFO ] [OdontologoService:27] Se comenzo la búsqueda del odontologo con ID: null
[2023-03-23 20:00:44] [ INFO ] [OdontologoService:23] Se comenzo el registro del odontologo con nombre: Juan Pablo
[2023-03-23 20:00:51] [ INFO ] [OdontologoService:23] Se comenzo el registro del odontologo con nombre: Diana
[2023-03-23 20:00:59] [ INFO ] [OdontologoService:23] Se comenzo el registro del odontologo con nombre: Carolina
[2023-03-23 20:01:01] [ INFO ] [OdontologoService:46] Se comenzo la búsqueda de los odontologos.
[2023-03-23 20:01:04] [ INFO ] [OdontologoService:27] Se comenzo la búsqueda del odontologo con ID: 1
[2023-03-23 20:01:09] [ INFO ] [OdontologoService:27] Se comenzo la búsqueda del odontologo con ID: 1
[2023-03-23 20:01:09] [ INFO ] [OdontologoService:31] Se comenzo a actualizar al odontologo con ID: 1
[2023-03-23 20:01:09] [ INFO ] [OdontologoService:46] Se comenzo la búsqueda de los odontologos.
[2023-03-23 20:01:13] [ INFO ] [OdontologoService:27] Se comenzo la búsqueda del odontologo con ID: 2
[2023-03-23 20:01:13] [ INFO ] [OdontologoService:27] Se comenzo la búsqueda del odontologo con ID: 2
[2023-03-23 20:01:13] [ WARN ] [OdontologoService:38] Eliminado el odontologo con ID: 2
[2023-03-23 20:01:29] [ INFO ] [PacienteService:60] Se comenzo la búsqueda del odontologo con Email: yohaskj22@gmail.com
[2023-03-23 20:01:29] [ INFO ] [PacienteService:26] Se comenzo el registro del paciente con nombre: Juan Pablo
[2023-03-23 20:01:44] [ INFO ] [PacienteService:60] Se comenzo la búsqueda del odontologo con Email: diego@hotmail.com
[2023-03-23 20:01:44] [ INFO ] [PacienteService:26] Se comenzo el registro del paciente con nombre: diego
[2023-03-23 20:01:45] [ INFO ] [PacienteService:55] Se comenzo la búsqueda de los pacientes.
[2023-03-23 20:01:50] [ INFO ] [PacienteService:31] Se comenzo la búsqueda del paciente con ID: 2
[2023-03-23 20:01:58] [ INFO ] [PacienteService:31] Se comenzo la búsqueda del paciente con ID: 2
[2023-03-23 20:01:58] [ INFO ] [PacienteService:38] Se comenzo a actualizar al paciente con ID: 2
[2023-03-23 20:01:58] [ INFO ] [PacienteService:55] Se comenzo la búsqueda de los pacientes.
[2023-03-23 20:02:12] [ INFO ] [OdontologoService:27] Se comenzo la búsqueda del odontologo con ID: 2
[2023-03-23 20:02:12] [ ERROR] [GlobalExceptions:22] Se esta presentando un error: No es posible registrar turno dado el paciente o el odontologo no fueron encontrados
[2023-03-23 20:02:23] [ INFO ] [OdontologoService:27] Se comenzo la búsqueda del odontologo con ID: 1
[2023-03-23 20:02:23] [ INFO ] [PacienteService:31] Se comenzo la búsqueda del paciente con ID: 2
[2023-03-23 20:02:23] [ INFO ] [TurnoService:33] Comenzo el registo del TurnoDTO con ID: null
[2023-03-23 20:02:25] [ INFO ] [TurnoService:97] Se comenzo la búsqueda de los turnos.
[2023-03-23 20:03:12] [ INFO ] [TurnoService:39] Comenzo la búsqueda del TurnoDTO con ID: 1
[2023-03-23 20:03:25] [ INFO ] [TurnoService:39] Comenzo la búsqueda del TurnoDTO con ID: 1
[2023-03-23 20:03:25] [ INFO ] [OdontologoService:27] Se comenzo la búsqueda del odontologo con ID: 2
[2023-03-23 20:03:25] [ INFO ] [TurnoService:97] Se comenzo la búsqueda de los turnos.
[2023-03-23 20:03:36] [ INFO ] [TurnoService:39] Comenzo la búsqueda del TurnoDTO con ID: 1
[2023-03-23 20:04:02] [ INFO ] [TurnoService:39] Comenzo la búsqueda del TurnoDTO con ID: 1
[2023-03-23 20:04:02] [ INFO ] [OdontologoService:27] Se comenzo la búsqueda del odontologo con ID: 2
[2023-03-23 20:04:02] [ INFO ] [TurnoService:97] Se comenzo la búsqueda de los turnos.
[2023-03-23 20:04:06] [ INFO ] [TurnoService:39] Comenzo la búsqueda del TurnoDTO con ID: 1
[2023-03-23 20:04:16] [ INFO ] [TurnoService:39] Comenzo la búsqueda del TurnoDTO con ID: 1
[2023-03-23 20:04:16] [ INFO ] [OdontologoService:27] Se comenzo la búsqueda del odontologo con ID: 1
[2023-03-23 20:04:16] [ INFO ] [PacienteService:31] Se comenzo la búsqueda del paciente con ID: 1
[2023-03-23 20:04:16] [ INFO ] [TurnoService:52] Se comenzo a actualizar el TurnoDTO con ID: 1
[2023-03-23 20:04:16] [ INFO ] [TurnoService:97] Se comenzo la búsqueda de los turnos.
[2023-03-23 20:04:32] [ INFO ] [TurnoService:97] Se comenzo la búsqueda de los turnos.
[2023-03-23 20:08:51] [ INFO ] [TurnoService:97] Se comenzo la búsqueda de los turnos.
[2023-03-23 20:09:13] [ INFO ] [OdontologoService:27] Se comenzo la búsqueda del odontologo con ID: 2
[2023-03-23 20:09:13] [ ERROR] [GlobalExceptions:22] Se esta presentando un error: No es posible registrar turno dado el paciente o el odontologo no fueron encontrados
[2023-03-23 20:09:27] [ INFO ] [OdontologoService:27] Se comenzo la búsqueda del odontologo con ID: 2
[2023-03-23 20:09:27] [ ERROR] [GlobalExceptions:22] Se esta presentando un error: No es posible registrar turno dado el paciente o el odontologo no fueron encontrados
[2023-03-23 20:09:35] [ INFO ] [OdontologoService:27] Se comenzo la búsqueda del odontologo con ID: 1
[2023-03-23 20:09:35] [ INFO ] [PacienteService:31] Se comenzo la búsqueda del paciente con ID: 1
[2023-03-23 20:09:35] [ INFO ] [TurnoService:33] Comenzo el registo del TurnoDTO con ID: null
[2023-03-23 20:13:28] [ INFO ] [OdontologoService:46] Se comenzo la búsqueda de los odontologos.
[2023-03-23 20:13:36] [ INFO ] [OdontologoService:46] Se comenzo la búsqueda de los odontologos.
[2023-03-23 20:13:47] [ INFO ] [OdontologoService:23] Se comenzo el registro del odontologo con nombre: Juan Pablo
[2023-03-23 20:13:59] [ INFO ] [OdontologoService:23] Se comenzo el registro del odontologo con nombre: Diana
[2023-03-23 20:14:13] [ INFO ] [PacienteService:60] Se comenzo la búsqueda del odontologo con Email: diego@hotmail.com
[2023-03-23 20:14:13] [ INFO ] [PacienteService:26] Se comenzo el registro del paciente con nombre: diego
[2023-03-23 20:14:25] [ INFO ] [OdontologoService:27] Se comenzo la búsqueda del odontologo con ID: 1
[2023-03-23 20:14:25] [ INFO ] [PacienteService:31] Se comenzo la búsqueda del paciente con ID: 1
[2023-03-23 20:14:25] [ INFO ] [TurnoService:33] Comenzo el registo del TurnoDTO con ID: null
[2023-03-23 20:14:28] [ INFO ] [TurnoService:97] Se comenzo la búsqueda de los turnos.
[2023-03-25 12:50:38] [ INFO ] [OdontologoService:23] Se comenzo el registro del odontologo con nombre: Mirian 
[2023-03-25 12:50:45] [ INFO ] [OdontologoService:23] Se comenzo el registro del odontologo con nombre: yOHAA
[2023-03-25 12:51:03] [ INFO ] [PacienteService:60] Se comenzo la búsqueda del odontologo con Email: yohaskj22@gmail.com
[2023-03-25 12:51:03] [ INFO ] [PacienteService:26] Se comenzo el registro del paciente con nombre: Yohana
[2023-03-25 12:51:44] [ INFO ] [PacienteService:60] Se comenzo la búsqueda del odontologo con Email: jshfdsdf@gmail.com
[2023-03-25 12:51:44] [ INFO ] [PacienteService:26] Se comenzo el registro del paciente con nombre: Rafael
[2023-03-25 12:51:48] [ INFO ] [PacienteService:55] Se comenzo la búsqueda de los pacientes.
[2023-03-25 12:52:03] [ INFO ] [OdontologoService:27] Se comenzo la búsqueda del odontologo con ID: 2
[2023-03-25 12:52:03] [ INFO ] [PacienteService:31] Se comenzo la búsqueda del paciente con ID: 1
[2023-03-25 12:52:03] [ INFO ] [TurnoService:33] Comenzo el registo del TurnoDTO con ID: null
[2023-03-25 12:52:12] [ INFO ] [OdontologoService:27] Se comenzo la búsqueda del odontologo con ID: 1
[2023-03-25 12:52:12] [ INFO ] [PacienteService:31] Se comenzo la búsqueda del paciente con ID: 2
[2023-03-25 12:52:12] [ INFO ] [TurnoService:33] Comenzo el registo del TurnoDTO con ID: null
[2023-03-25 12:52:16] [ INFO ] [TurnoService:97] Se comenzo la búsqueda de los turnos.
[2023-03-25 12:54:03] [ INFO ] [PacienteService:55] Se comenzo la búsqueda de los pacientes.
[2023-03-25 12:54:18] [ INFO ] [OdontologoService:46] Se comenzo la búsqueda de los odontologos.
[2023-03-25 12:55:07] [ INFO ] [TurnoService:97] Se comenzo la búsqueda de los turnos.
[2023-03-25 12:56:20] [ INFO ] [OdontologoService:27] Se comenzo la búsqueda del odontologo con ID: null
[2023-03-25 12:57:04] [ INFO ] [OdontologoService:27] Se comenzo la búsqueda del odontologo con ID: 1
[2023-03-25 12:57:04] [ INFO ] [PacienteService:31] Se comenzo la búsqueda del paciente con ID: 1
[2023-03-25 12:57:04] [ INFO ] [TurnoService:33] Comenzo el registo del TurnoDTO con ID: null
[2023-03-25 12:57:21] [ INFO ] [OdontologoService:27] Se comenzo la búsqueda del odontologo con ID: 1
[2023-03-25 12:57:21] [ INFO ] [PacienteService:31] Se comenzo la búsqueda del paciente con ID: 1
[2023-03-25 12:57:21] [ INFO ] [TurnoService:33] Comenzo el registo del TurnoDTO con ID: null
[2023-03-25 16:07:14] [ INFO ] [OdontologoService:23] Se comenzo el registro del odontologo con nombre: Juan Pablo
[2023-03-25 16:07:19] [ INFO ] [OdontologoService:23] Se comenzo el registro del odontologo con nombre: Diana
[2023-03-25 16:07:21] [ INFO ] [OdontologoService:46] Se comenzo la búsqueda de los odontologos.
[2023-03-25 16:07:29] [ INFO ] [OdontologoService:27] Se comenzo la búsqueda del odontologo con ID: 1
[2023-03-25 16:07:33] [ INFO ] [OdontologoService:27] Se comenzo la búsqueda del odontologo con ID: 1
[2023-03-25 16:07:33] [ INFO ] [OdontologoService:31] Se comenzo a actualizar al odontologo con ID: 1
[2023-03-25 16:07:33] [ INFO ] [OdontologoService:46] Se comenzo la búsqueda de los odontologos.
[2023-03-25 16:07:51] [ INFO ] [PacienteService:60] Se comenzo la búsqueda del odontologo con Email: yohaskj22@gmail.com
[2023-03-25 16:07:51] [ INFO ] [PacienteService:26] Se comenzo el registro del paciente con nombre: Juan Pablo
[2023-03-25 16:08:04] [ INFO ] [PacienteService:60] Se comenzo la búsqueda del odontologo con Email: luz@gmail.com
[2023-03-25 16:08:04] [ INFO ] [PacienteService:26] Se comenzo el registro del paciente con nombre: Luz mila
[2023-03-25 16:08:07] [ INFO ] [PacienteService:55] Se comenzo la búsqueda de los pacientes.
[2023-03-25 16:08:12] [ INFO ] [PacienteService:31] Se comenzo la búsqueda del paciente con ID: 2
[2023-03-25 16:08:17] [ INFO ] [PacienteService:31] Se comenzo la búsqueda del paciente con ID: 2
[2023-03-25 16:08:17] [ INFO ] [PacienteService:38] Se comenzo a actualizar al paciente con ID: 2
[2023-03-25 16:08:17] [ INFO ] [PacienteService:55] Se comenzo la búsqueda de los pacientes.
[2023-03-25 16:09:23] [ INFO ] [TurnoService:97] Se comenzo la búsqueda de los turnos.
[2023-03-25 16:10:29] [ INFO ] [TurnoService:97] Se comenzo la búsqueda de los turnos.
[2023-03-25 16:11:33] [ INFO ] [OdontologoService:23] Se comenzo el registro del odontologo con nombre: diego
[2023-03-25 16:11:38] [ INFO ] [OdontologoService:23] Se comenzo el registro del odontologo con nombre: Diana
[2023-03-25 16:11:58] [ INFO ] [PacienteService:60] Se comenzo la búsqueda del odontologo con Email: yohaskj22@gmail.com
[2023-03-25 16:11:59] [ INFO ] [PacienteService:26] Se comenzo el registro del paciente con nombre: Juan Pablo
[2023-03-25 16:12:18] [ INFO ] [PacienteService:60] Se comenzo la búsqueda del odontologo con Email: yohaskj22@gmail.com
[2023-03-25 16:12:29] [ INFO ] [OdontologoService:27] Se comenzo la búsqueda del odontologo con ID: 1
[2023-03-25 16:12:29] [ INFO ] [PacienteService:31] Se comenzo la búsqueda del paciente con ID: 1
[2023-03-25 16:12:29] [ INFO ] [TurnoService:33] Comenzo el registo del TurnoDTO con ID: null
[2023-03-25 16:12:37] [ INFO ] [OdontologoService:27] Se comenzo la búsqueda del odontologo con ID: 2
[2023-03-25 16:12:37] [ INFO ] [PacienteService:31] Se comenzo la búsqueda del paciente con ID: 2
[2023-03-25 16:12:37] [ ERROR] [GlobalExceptions:22] Se esta presentando un error: No es posible registrar turno dado el paciente o el odontologo no fueron encontrados
[2023-03-25 16:12:47] [ INFO ] [OdontologoService:27] Se comenzo la búsqueda del odontologo con ID: 2
[2023-03-25 16:12:47] [ INFO ] [PacienteService:31] Se comenzo la búsqueda del paciente con ID: 1
[2023-03-25 16:12:47] [ INFO ] [TurnoService:33] Comenzo el registo del TurnoDTO con ID: null
[2023-03-25 16:12:50] [ INFO ] [TurnoService:97] Se comenzo la búsqueda de los turnos.
[2023-03-25 16:13:05] [ INFO ] [TurnoService:39] Comenzo la búsqueda del TurnoDTO con ID: 2
[2023-03-25 16:13:15] [ INFO ] [TurnoService:39] Comenzo la búsqueda del TurnoDTO con ID: 2
[2023-03-25 16:13:15] [ INFO ] [OdontologoService:27] Se comenzo la búsqueda del odontologo con ID: 1
[2023-03-25 16:13:15] [ INFO ] [PacienteService:31] Se comenzo la búsqueda del paciente con ID: 1
[2023-03-25 16:13:15] [ INFO ] [TurnoService:52] Se comenzo a actualizar el TurnoDTO con ID: 2
[2023-03-25 16:13:15] [ INFO ] [TurnoService:97] Se comenzo la búsqueda de los turnos.
[2023-03-25 16:16:24] [ INFO ] [TurnoService:97] Se comenzo la búsqueda de los turnos.
[2023-03-25 16:17:17] [ INFO ] [OdontologoService:27] Se comenzo la búsqueda del odontologo con ID: null
[2023-03-25 16:17:42] [ INFO ] [OdontologoService:27] Se comenzo la búsqueda del odontologo con ID: null
[2023-03-25 16:21:13] [ INFO ] [OdontologoService:46] Se comenzo la búsqueda de los odontologos.
[2023-03-25 16:21:35] [ INFO ] [OdontologoService:46] Se comenzo la búsqueda de los odontologos.
[2023-03-25 16:21:49] [ INFO ] [TurnoService:97] Se comenzo la búsqueda de los turnos.
[2023-03-25 16:21:59] [ INFO ] [OdontologoService:27] Se comenzo la búsqueda del odontologo con ID: null
[2023-03-25 16:22:13] [ INFO ] [OdontologoService:27] Se comenzo la búsqueda del odontologo con ID: 1
[2023-03-25 16:22:13] [ INFO ] [PacienteService:31] Se comenzo la búsqueda del paciente con ID: 1
[2023-03-25 16:22:13] [ INFO ] [TurnoService:33] Comenzo el registo del TurnoDTO con ID: null
[2023-03-25 16:22:49] [ INFO ] [OdontologoService:27] Se comenzo la búsqueda del odontologo con ID: 1
[2023-03-25 16:22:49] [ INFO ] [PacienteService:31] Se comenzo la búsqueda del paciente con ID: 1
[2023-03-25 16:22:49] [ INFO ] [TurnoService:33] Comenzo el registo del TurnoDTO con ID: null
[2023-03-25 16:23:45] [ INFO ] [OdontologoService:27] Se comenzo la búsqueda del odontologo con ID: 2
[2023-03-25 16:23:45] [ INFO ] [PacienteService:31] Se comenzo la búsqueda del paciente con ID: 1
[2023-03-25 16:23:45] [ INFO ] [TurnoService:33] Comenzo el registo del TurnoDTO con ID: null
[2023-03-25 16:30:49] [ INFO ] [TurnoService:97] Se comenzo la búsqueda de los turnos.
[2023-03-25 16:38:05] [ INFO ] [TurnoService:97] Se comenzo la búsqueda de los turnos.
[2023-03-25 16:38:48] [ INFO ] [OdontologoService:23] Se comenzo el registro del odontologo con nombre: Luz mila
[2023-03-25 16:38:50] [ INFO ] [OdontologoService:46] Se comenzo la búsqueda de los odontologos.
[2023-03-25 16:39:05] [ INFO ] [PacienteService:60] Se comenzo la búsqueda del odontologo con Email: yohaskj22@gmail.com
[2023-03-25 16:39:05] [ INFO ] [PacienteService:26] Se comenzo el registro del paciente con nombre: Juan Pablo
[2023-03-25 16:39:08] [ INFO ] [PacienteService:55] Se comenzo la búsqueda de los pacientes.
[2023-03-25 16:39:25] [ INFO ] [OdontologoService:27] Se comenzo la búsqueda del odontologo con ID: 1
[2023-03-25 16:39:25] [ INFO ] [PacienteService:31] Se comenzo la búsqueda del paciente con ID: 1
[2023-03-25 16:39:25] [ INFO ] [TurnoService:33] Comenzo el registo del TurnoDTO con ID: null
[2023-03-25 16:39:28] [ INFO ] [TurnoService:97] Se comenzo la búsqueda de los turnos.
[2023-03-25 16:40:13] [ INFO ] [OdontologoService:27] Se comenzo la búsqueda del odontologo con ID: 1
[2023-03-25 16:40:13] [ INFO ] [PacienteService:31] Se comenzo la búsqueda del paciente con ID: 1
[2023-03-25 16:40:13] [ INFO ] [TurnoService:33] Comenzo el registo del TurnoDTO con ID: null
[2023-03-25 16:40:24] [ INFO ] [OdontologoService:27] Se comenzo la búsqueda del odontologo con ID: 1
[2023-03-25 16:40:24] [ INFO ] [PacienteService:31] Se comenzo la búsqueda del paciente con ID: 1
[2023-03-25 16:40:24] [ INFO ] [TurnoService:33] Comenzo el registo del TurnoDTO con ID: null
[2023-03-25 16:41:54] [ INFO ] [OdontologoService:23] Se comenzo el registro del odontologo con nombre: Luz mila
[2023-03-25 16:42:09] [ INFO ] [PacienteService:60] Se comenzo la búsqueda del odontologo con Email: luz@gmail.com
[2023-03-25 16:42:09] [ INFO ] [PacienteService:26] Se comenzo el registro del paciente con nombre: Luz mila
[2023-03-25 16:42:17] [ INFO ] [OdontologoService:27] Se comenzo la búsqueda del odontologo con ID: 1
[2023-03-25 16:42:17] [ INFO ] [PacienteService:31] Se comenzo la búsqueda del paciente con ID: 1
[2023-03-25 16:42:17] [ INFO ] [TurnoService:33] Comenzo el registo del TurnoDTO con ID: null
[2023-03-25 16:42:19] [ INFO ] [TurnoService:97] Se comenzo la búsqueda de los turnos.
[2023-03-25 16:43:38] [ INFO ] [OdontologoService:27] Se comenzo la búsqueda del odontologo con ID: 1
[2023-03-25 16:43:38] [ INFO ] [PacienteService:31] Se comenzo la búsqueda del paciente con ID: 2
[2023-03-25 16:43:38] [ ERROR] [GlobalExceptions:22] Se esta presentando un error: No es posible registrar turno dado el paciente o el odontologo no fueron encontrados
[2023-03-25 16:43:40] [ INFO ] [TurnoService:97] Se comenzo la búsqueda de los turnos.
[2023-03-25 16:44:00] [ INFO ] [OdontologoService:23] Se comenzo el registro del odontologo con nombre: Diana
[2023-03-25 16:44:16] [ INFO ] [OdontologoService:23] Se comenzo el registro del odontologo con nombre: Junior
[2023-03-25 16:44:19] [ INFO ] [OdontologoService:46] Se comenzo la búsqueda de los odontologos.
[2023-03-25 16:44:39] [ INFO ] [PacienteService:60] Se comenzo la búsqueda del odontologo con Email: yohaskj22@gmail.com
[2023-03-25 16:44:39] [ INFO ] [PacienteService:26] Se comenzo el registro del paciente con nombre: Yohana
[2023-03-25 16:44:58] [ INFO ] [PacienteService:60] Se comenzo la búsqueda del odontologo con Email: germa@gmail.com
[2023-03-25 16:44:58] [ INFO ] [PacienteService:26] Se comenzo el registro del paciente con nombre: German
[2023-03-25 16:45:09] [ INFO ] [OdontologoService:27] Se comenzo la búsqueda del odontologo con ID: 1
[2023-03-25 16:45:09] [ INFO ] [PacienteService:31] Se comenzo la búsqueda del paciente con ID: 2
[2023-03-25 16:45:09] [ INFO ] [TurnoService:33] Comenzo el registo del TurnoDTO con ID: null
[2023-03-25 16:45:18] [ INFO ] [OdontologoService:27] Se comenzo la búsqueda del odontologo con ID: 2
[2023-03-25 16:45:18] [ INFO ] [PacienteService:31] Se comenzo la búsqueda del paciente con ID: 3
[2023-03-25 16:45:18] [ INFO ] [TurnoService:33] Comenzo el registo del TurnoDTO con ID: null
[2023-03-25 16:45:21] [ INFO ] [TurnoService:97] Se comenzo la búsqueda de los turnos.
[2023-03-25 16:45:25] [ INFO ] [TurnoService:39] Comenzo la búsqueda del TurnoDTO con ID: 2
[2023-03-25 16:45:41] [ INFO ] [TurnoService:39] Comenzo la búsqueda del TurnoDTO con ID: 2
[2023-03-25 16:45:41] [ INFO ] [OdontologoService:27] Se comenzo la búsqueda del odontologo con ID: 1
[2023-03-25 16:45:41] [ INFO ] [PacienteService:31] Se comenzo la búsqueda del paciente con ID: 1
[2023-03-25 16:45:41] [ INFO ] [TurnoService:52] Se comenzo a actualizar el TurnoDTO con ID: 2
[2023-03-25 16:45:41] [ INFO ] [TurnoService:97] Se comenzo la búsqueda de los turnos.
[2023-03-28 18:42:44] [ INFO ] [OdontologoService:23] Se comenzo el registro del odontologo con nombre: Luz mila
[2023-03-28 18:42:49] [ INFO ] [OdontologoService:23] Se comenzo el registro del odontologo con nombre: Junior
[2023-03-28 18:42:52] [ INFO ] [OdontologoService:46] Se comenzo la búsqueda de los odontologos.
[2023-03-28 18:42:56] [ INFO ] [OdontologoService:27] Se comenzo la búsqueda del odontologo con ID: 1
[2023-03-28 18:43:03] [ INFO ] [OdontologoService:27] Se comenzo la búsqueda del odontologo con ID: 1
[2023-03-28 18:43:03] [ INFO ] [OdontologoService:31] Se comenzo a actualizar al odontologo con ID: 1
[2023-03-28 18:43:03] [ INFO ] [OdontologoService:46] Se comenzo la búsqueda de los odontologos.
[2023-03-28 18:43:30] [ INFO ] [PacienteService:60] Se comenzo la búsqueda del odontologo con Email: diego@hotmail.com
[2023-03-28 18:43:30] [ INFO ] [PacienteService:26] Se comenzo el registro del paciente con nombre: diego
[2023-03-28 18:43:51] [ INFO ] [PacienteService:60] Se comenzo la búsqueda del odontologo con Email: yohaskj22@gmail.com
[2023-03-28 18:43:51] [ INFO ] [PacienteService:26] Se comenzo el registro del paciente con nombre: Juan Pablo
[2023-03-28 18:43:53] [ INFO ] [PacienteService:55] Se comenzo la búsqueda de los pacientes.
[2023-03-28 18:43:57] [ INFO ] [PacienteService:31] Se comenzo la búsqueda del paciente con ID: 1
[2023-03-28 18:44:08] [ INFO ] [PacienteService:31] Se comenzo la búsqueda del paciente con ID: 1
[2023-03-28 18:44:08] [ INFO ] [PacienteService:38] Se comenzo a actualizar al paciente con ID: 1
[2023-03-28 18:44:08] [ INFO ] [PacienteService:55] Se comenzo la búsqueda de los pacientes.
[2023-03-28 18:44:19] [ INFO ] [OdontologoService:27] Se comenzo la búsqueda del odontologo con ID: 2
[2023-03-28 18:44:19] [ INFO ] [PacienteService:31] Se comenzo la búsqueda del paciente con ID: 1
[2023-03-28 18:44:19] [ INFO ] [TurnoService:33] Comenzo el registo del TurnoDTO con ID: null
[2023-03-28 18:44:39] [ INFO ] [OdontologoService:27] Se comenzo la búsqueda del odontologo con ID: 2
[2023-03-28 18:44:39] [ INFO ] [PacienteService:31] Se comenzo la búsqueda del paciente con ID: 2
[2023-03-28 18:44:39] [ INFO ] [TurnoService:33] Comenzo el registo del TurnoDTO con ID: null
[2023-03-28 18:44:42] [ INFO ] [TurnoService:101] Se comenzo la búsqueda de los turnos.
[2023-03-28 18:44:45] [ INFO ] [TurnoService:39] Comenzo la búsqueda del TurnoDTO con ID: 1
[2023-03-28 18:44:53] [ INFO ] [TurnoService:39] Comenzo la búsqueda del TurnoDTO con ID: 1
[2023-03-28 18:44:53] [ INFO ] [OdontologoService:27] Se comenzo la búsqueda del odontologo con ID: 2
[2023-03-28 18:44:53] [ INFO ] [PacienteService:31] Se comenzo la búsqueda del paciente con ID: 2
[2023-03-28 18:44:53] [ INFO ] [TurnoService:52] Se comenzo a actualizar el TurnoDTO con ID: 1
[2023-03-28 18:44:53] [ INFO ] [TurnoService:101] Se comenzo la búsqueda de los turnos.
[2023-03-28 18:52:12] [ INFO ] [TurnoService:101] Se comenzo la búsqueda de los turnos.
[2023-03-28 18:52:45] [ INFO ] [OdontologoService:23] Se comenzo el registro del odontologo con nombre: Luz mila
[2023-03-28 18:52:50] [ INFO ] [OdontologoService:23] Se comenzo el registro del odontologo con nombre: diego
[2023-03-28 18:52:52] [ INFO ] [OdontologoService:46] Se comenzo la búsqueda de los odontologos.
[2023-03-28 18:53:06] [ INFO ] [PacienteService:60] Se comenzo la búsqueda del odontologo con Email: diego@hotmail.com
[2023-03-28 18:53:06] [ INFO ] [PacienteService:26] Se comenzo el registro del paciente con nombre: Luis
[2023-03-28 18:53:22] [ INFO ] [PacienteService:60] Se comenzo la búsqueda del odontologo con Email: yohaskj22@gmail.com
[2023-03-28 18:53:22] [ INFO ] [PacienteService:26] Se comenzo el registro del paciente con nombre: Yohana
[2023-03-28 18:53:25] [ INFO ] [PacienteService:55] Se comenzo la búsqueda de los pacientes.
[2023-03-28 18:53:45] [ INFO ] [OdontologoService:27] Se comenzo la búsqueda del odontologo con ID: 2
[2023-03-28 18:53:45] [ INFO ] [PacienteService:31] Se comenzo la búsqueda del paciente con ID: 1
[2023-03-28 18:53:45] [ INFO ] [TurnoService:33] Comenzo el registo del TurnoDTO con ID: null
[2023-03-28 18:53:52] [ INFO ] [OdontologoService:27] Se comenzo la búsqueda del odontologo con ID: 1
[2023-03-28 18:53:52] [ INFO ] [PacienteService:31] Se comenzo la búsqueda del paciente con ID: 2
[2023-03-28 18:53:52] [ INFO ] [TurnoService:33] Comenzo el registo del TurnoDTO con ID: null
[2023-03-28 18:53:54] [ INFO ] [TurnoService:101] Se comenzo la búsqueda de los turnos.
[2023-03-28 18:55:57] [ INFO ] [OdontologoService:23] Se comenzo el registro del odontologo con nombre: diego
[2023-03-28 18:56:02] [ INFO ] [OdontologoService:23] Se comenzo el registro del odontologo con nombre: Junior
[2023-03-28 18:56:04] [ INFO ] [OdontologoService:46] Se comenzo la búsqueda de los odontologos.
[2023-03-28 18:56:24] [ INFO ] [PacienteService:60] Se comenzo la búsqueda del odontologo con Email: luz@gmail.com
[2023-03-28 18:56:24] [ INFO ] [PacienteService:26] Se comenzo el registro del paciente con nombre: Luz mila
[2023-03-28 18:56:40] [ INFO ] [PacienteService:60] Se comenzo la búsqueda del odontologo con Email: diego@hotmail.com
[2023-03-28 18:56:40] [ INFO ] [PacienteService:26] Se comenzo el registro del paciente con nombre: diego
[2023-03-28 18:56:42] [ INFO ] [PacienteService:55] Se comenzo la búsqueda de los pacientes.
[2023-03-28 18:56:51] [ INFO ] [OdontologoService:27] Se comenzo la búsqueda del odontologo con ID: 1
[2023-03-28 18:56:51] [ INFO ] [PacienteService:31] Se comenzo la búsqueda del paciente con ID: 1
[2023-03-28 18:56:51] [ INFO ] [TurnoService:33] Comenzo el registo del TurnoDTO con ID: null
[2023-03-28 18:56:58] [ INFO ] [OdontologoService:27] Se comenzo la búsqueda del odontologo con ID: 2
[2023-03-28 18:56:58] [ INFO ] [PacienteService:31] Se comenzo la búsqueda del paciente con ID: 2
[2023-03-28 18:56:58] [ INFO ] [TurnoService:33] Comenzo el registo del TurnoDTO con ID: null
[2023-03-28 18:57:01] [ INFO ] [TurnoService:101] Se comenzo la búsqueda de los turnos.
[2023-03-28 19:07:16] [ INFO ] [OdontologoService:23] Se comenzo el registro del odontologo con nombre: Luz mila
[2023-03-28 19:07:19] [ INFO ] [OdontologoService:23] Se comenzo el registro del odontologo con nombre: diego
[2023-03-28 19:07:34] [ INFO ] [PacienteService:60] Se comenzo la búsqueda del odontologo con Email: luz@gmail.com
[2023-03-28 19:07:34] [ INFO ] [PacienteService:26] Se comenzo el registro del paciente con nombre: Luz mila
[2023-03-28 19:07:46] [ INFO ] [PacienteService:60] Se comenzo la búsqueda del odontologo con Email: diego@hotmail.com
[2023-03-28 19:07:46] [ INFO ] [PacienteService:26] Se comenzo el registro del paciente con nombre: diego
[2023-03-28 19:07:54] [ INFO ] [OdontologoService:27] Se comenzo la búsqueda del odontologo con ID: 1
[2023-03-28 19:07:54] [ INFO ] [PacienteService:31] Se comenzo la búsqueda del paciente con ID: 1
[2023-03-28 19:07:54] [ INFO ] [TurnoService:33] Comenzo el registo del TurnoDTO con ID: null
[2023-03-28 19:08:00] [ INFO ] [OdontologoService:27] Se comenzo la búsqueda del odontologo con ID: 2
[2023-03-28 19:08:00] [ INFO ] [PacienteService:31] Se comenzo la búsqueda del paciente con ID: 2
[2023-03-28 19:08:00] [ INFO ] [TurnoService:33] Comenzo el registo del TurnoDTO con ID: null
[2023-03-28 19:08:03] [ INFO ] [TurnoService:101] Se comenzo la búsqueda de los turnos.
[2023-03-28 19:08:53] [ INFO ] [TurnoService:39] Comenzo la búsqueda del TurnoDTO con ID: 1
[2023-03-28 19:09:05] [ INFO ] [TurnoService:39] Comenzo la búsqueda del TurnoDTO con ID: 1
[2023-03-28 19:09:05] [ INFO ] [OdontologoService:27] Se comenzo la búsqueda del odontologo con ID: 2
[2023-03-28 19:09:05] [ INFO ] [PacienteService:31] Se comenzo la búsqueda del paciente con ID: 2
[2023-03-28 19:09:05] [ INFO ] [TurnoService:52] Se comenzo a actualizar el TurnoDTO con ID: 1
[2023-03-28 19:09:05] [ INFO ] [TurnoService:101] Se comenzo la búsqueda de los turnos.
[2023-03-28 19:09:10] [ INFO ] [OdontologoService:46] Se comenzo la búsqueda de los odontologos.
[2023-03-28 19:09:14] [ INFO ] [PacienteService:55] Se comenzo la búsqueda de los pacientes.
[2023-03-28 19:09:23] [ INFO ] [PacienteService:31] Se comenzo la búsqueda del paciente con ID: 1
[2023-03-28 19:09:39] [ INFO ] [OdontologoService:23] Se comenzo el registro del odontologo con nombre: Junior
[2023-03-28 19:09:47] [ INFO ] [OdontologoService:23] Se comenzo el registro del odontologo con nombre: Carolina
[2023-03-28 19:09:51] [ INFO ] [TurnoService:101] Se comenzo la búsqueda de los turnos.
[2023-03-28 19:09:53] [ INFO ] [TurnoService:39] Comenzo la búsqueda del TurnoDTO con ID: 1
[2023-03-28 19:10:01] [ INFO ] [TurnoService:39] Comenzo la búsqueda del TurnoDTO con ID: 1
[2023-03-28 19:10:01] [ INFO ] [OdontologoService:27] Se comenzo la búsqueda del odontologo con ID: 1
[2023-03-28 19:10:01] [ INFO ] [PacienteService:31] Se comenzo la búsqueda del paciente con ID: 3
[2023-03-28 19:10:01] [ INFO ] [TurnoService:101] Se comenzo la búsqueda de los turnos.
[2023-03-28 19:10:16] [ INFO ] [OdontologoService:46] Se comenzo la búsqueda de los odontologos.
[2023-03-28 19:10:21] [ INFO ] [PacienteService:55] Se comenzo la búsqueda de los pacientes.
[2023-03-28 19:10:41] [ INFO ] [OdontologoService:27] Se comenzo la búsqueda del odontologo con ID: 4
[2023-03-28 19:10:41] [ INFO ] [PacienteService:31] Se comenzo la búsqueda del paciente con ID: 2
[2023-03-28 19:10:41] [ INFO ] [TurnoService:33] Comenzo el registo del TurnoDTO con ID: null
[2023-03-28 19:10:48] [ INFO ] [OdontologoService:27] Se comenzo la búsqueda del odontologo con ID: 3
[2023-03-28 19:10:48] [ INFO ] [PacienteService:31] Se comenzo la búsqueda del paciente con ID: 1
[2023-03-28 19:10:48] [ INFO ] [TurnoService:33] Comenzo el registo del TurnoDTO con ID: null
[2023-03-28 19:10:50] [ INFO ] [TurnoService:101] Se comenzo la búsqueda de los turnos.
[2023-03-28 19:11:04] [ INFO ] [TurnoService:39] Comenzo la búsqueda del TurnoDTO con ID: 1
[2023-03-28 19:11:17] [ INFO ] [TurnoService:39] Comenzo la búsqueda del TurnoDTO con ID: 1
[2023-03-28 19:11:17] [ INFO ] [OdontologoService:27] Se comenzo la búsqueda del odontologo con ID: 4
[2023-03-28 19:11:17] [ INFO ] [PacienteService:31] Se comenzo la búsqueda del paciente con ID: 2
[2023-03-28 19:11:17] [ INFO ] [TurnoService:52] Se comenzo a actualizar el TurnoDTO con ID: 1
[2023-03-28 19:11:17] [ INFO ] [TurnoService:101] Se comenzo la búsqueda de los turnos.
[2023-03-28 19:11:24] [ INFO ] [TurnoService:39] Comenzo la búsqueda del TurnoDTO con ID: 1
[2023-03-28 19:11:37] [ INFO ] [TurnoService:39] Comenzo la búsqueda del TurnoDTO con ID: 1
[2023-03-28 19:11:37] [ INFO ] [OdontologoService:27] Se comenzo la búsqueda del odontologo con ID: 4
[2023-03-28 19:11:37] [ INFO ] [PacienteService:31] Se comenzo la búsqueda del paciente con ID: 1
[2023-03-28 19:11:37] [ INFO ] [TurnoService:52] Se comenzo a actualizar el TurnoDTO con ID: 1
[2023-03-28 19:11:37] [ INFO ] [TurnoService:101] Se comenzo la búsqueda de los turnos.
[2023-03-28 19:13:55] [ INFO ] [TurnoService:101] Se comenzo la búsqueda de los turnos.
[2023-03-28 19:14:10] [ INFO ] [PacienteService:55] Se comenzo la búsqueda de los pacientes.
[2023-03-28 19:14:14] [ INFO ] [PacienteService:55] Se comenzo la búsqueda de los pacientes.
[2023-03-28 19:14:16] [ INFO ] [PacienteService:55] Se comenzo la búsqueda de los pacientes.
[2023-03-28 19:15:32] [ INFO ] [PacienteService:55] Se comenzo la búsqueda de los pacientes.
[2023-03-28 19:15:35] [ INFO ] [OdontologoService:46] Se comenzo la búsqueda de los odontologos.
[2023-03-28 19:15:46] [ INFO ] [OdontologoService:23] Se comenzo el registro del odontologo con nombre: Luis
[2023-03-28 19:15:49] [ INFO ] [OdontologoService:46] Se comenzo la búsqueda de los odontologos.
[2023-03-28 19:16:08] [ INFO ] [PacienteService:60] Se comenzo la búsqueda del odontologo con Email: diego@hotmail.com
[2023-03-28 19:16:08] [ INFO ] [PacienteService:26] Se comenzo el registro del paciente con nombre: Luis
[2023-03-28 19:16:18] [ INFO ] [OdontologoService:27] Se comenzo la búsqueda del odontologo con ID: 1
[2023-03-28 19:16:18] [ INFO ] [PacienteService:31] Se comenzo la búsqueda del paciente con ID: 1
[2023-03-28 19:16:18] [ INFO ] [TurnoService:33] Comenzo el registo del TurnoDTO con ID: null
[2023-03-28 19:16:20] [ INFO ] [TurnoService:101] Se comenzo la búsqueda de los turnos.
[2023-03-28 19:17:38] [ INFO ] [TurnoService:39] Comenzo la búsqueda del TurnoDTO con ID: 1
[2023-03-28 19:17:38] [ INFO ] [TurnoService:39] Comenzo la búsqueda del TurnoDTO con ID: 1
[2023-03-28 19:17:38] [ WARN ] [TurnoService:60] Eliminado el TurnoDTO con ID: 1
[2023-03-30 11:56:46] [ INFO ] [OdontologoService:46] Se comenzo la búsqueda de los odontologos.
[2023-03-30 12:03:35] [ INFO ] [OdontologoService:23] Se comenzo el registro del odontologo con nombre: Luis
[2023-03-30 12:03:40] [ INFO ] [OdontologoService:23] Se comenzo el registro del odontologo con nombre: Juan Pablo
[2023-03-30 12:03:41] [ INFO ] [OdontologoService:46] Se comenzo la búsqueda de los odontologos.
[2023-03-30 12:05:40] [ INFO ] [OdontologoService:23] Se comenzo el registro del odontologo con nombre: Luis
[2023-03-30 12:05:42] [ INFO ] [OdontologoService:46] Se comenzo la búsqueda de los odontologos.
[2023-03-30 12:12:20] [ INFO ] [OdontologoService:46] Se comenzo la búsqueda de los odontologos.
[2023-03-30 12:12:37] [ INFO ] [PacienteService:55] Se comenzo la búsqueda de los pacientes.
[2023-03-30 12:12:40] [ INFO ] [OdontologoService:46] Se comenzo la búsqueda de los odontologos.
[2023-03-30 12:13:58] [ INFO ] [OdontologoService:46] Se comenzo la búsqueda de los odontologos.
[2023-03-30 16:03:01] [ INFO ] [OdontologoService:23] Se comenzo el registro del odontologo con nombre: Luz mila
[2023-03-30 16:03:14] [ INFO ] [PacienteService:60] Se comenzo la búsqueda del odontologo con Email: yohaskj22@gmail.com
[2023-03-30 16:03:14] [ INFO ] [PacienteService:26] Se comenzo el registro del paciente con nombre: Juan Pablo
[2023-03-30 16:03:23] [ INFO ] [OdontologoService:27] Se comenzo la búsqueda del odontologo con ID: 1
[2023-03-30 16:03:23] [ INFO ] [PacienteService:31] Se comenzo la búsqueda del paciente con ID: 1
[2023-03-30 16:03:23] [ INFO ] [TurnoService:33] Comenzo el registo del TurnoDTO con ID: null
[2023-03-30 16:03:24] [ INFO ] [TurnoService:101] Se comenzo la búsqueda de los turnos.
[2023-03-31 15:14:49] [ INFO ] [PacienteService:26] Se comenzo el registro del paciente con nombre: Liliana
[2023-03-31 15:14:49] [ INFO ] [PacienteService:31] Se comenzo la búsqueda del paciente con ID: 1
[2023-03-31 15:14:49] [ INFO ] [PacienteService:55] Se comenzo la búsqueda de los pacientes.
[2023-03-31 15:14:49] [ INFO ] [PacienteService:38] Se comenzo a actualizar al paciente con ID: null
[2023-03-31 15:14:49] [ INFO ] [PacienteService:31] Se comenzo la búsqueda del paciente con ID: 1
[2023-03-31 15:14:49] [ INFO ] [PacienteService:31] Se comenzo la búsqueda del paciente con ID: 1
[2023-03-31 15:14:49] [ WARN ] [PacienteService:46] Eliminado el paciente con ID: 1
[2023-03-31 15:14:49] [ INFO ] [PacienteService:31] Se comenzo la búsqueda del paciente con ID: 1
[2023-03-31 15:16:23] [ INFO ] [PacienteService:26] Se comenzo el registro del paciente con nombre: Liliana
[2023-03-31 15:16:23] [ INFO ] [PacienteService:31] Se comenzo la búsqueda del paciente con ID: 1
[2023-03-31 15:16:23] [ INFO ] [PacienteService:55] Se comenzo la búsqueda de los pacientes.
[2023-03-31 15:16:23] [ INFO ] [PacienteService:38] Se comenzo a actualizar al paciente con ID: null
[2023-03-31 15:16:23] [ INFO ] [PacienteService:31] Se comenzo la búsqueda del paciente con ID: 1
[2023-03-31 15:16:23] [ INFO ] [PacienteService:31] Se comenzo la búsqueda del paciente con ID: 1
[2023-03-31 15:16:23] [ WARN ] [PacienteService:46] Eliminado el paciente con ID: 1
[2023-03-31 15:16:23] [ INFO ] [PacienteService:31] Se comenzo la búsqueda del paciente con ID: 1
[2023-03-31 15:20:22] [ INFO ] [PacienteService:26] Se comenzo el registro del paciente con nombre: Liliana
[2023-03-31 15:20:22] [ INFO ] [PacienteService:31] Se comenzo la búsqueda del paciente con ID: 1
[2023-03-31 15:20:22] [ INFO ] [PacienteService:55] Se comenzo la búsqueda de los pacientes.
[2023-03-31 15:20:22] [ INFO ] [PacienteService:38] Se comenzo a actualizar al paciente con ID: null
[2023-03-31 15:20:22] [ INFO ] [PacienteService:31] Se comenzo la búsqueda del paciente con ID: 2
[2023-03-31 15:20:22] [ INFO ] [PacienteService:31] Se comenzo la búsqueda del paciente con ID: 1
[2023-03-31 15:20:22] [ WARN ] [PacienteService:46] Eliminado el paciente con ID: 1
[2023-03-31 15:20:22] [ INFO ] [PacienteService:31] Se comenzo la búsqueda del paciente con ID: 1
[2023-03-31 15:20:37] [ INFO ] [OdontologoService:27] Se comenzo la búsqueda del odontologo con ID: 1
[2023-03-31 15:30:12] [ INFO ] [OdontologoService:23] Se comenzo el registro del odontologo con nombre: Juliana
[2023-03-31 15:30:12] [ INFO ] [OdontologoService:27] Se comenzo la búsqueda del odontologo con ID: 1
[2023-03-31 15:30:13] [ INFO ] [OdontologoService:46] Se comenzo la búsqueda de los odontologos.
[2023-03-31 15:30:13] [ INFO ] [OdontologoService:31] Se comenzo a actualizar al odontologo con ID: null
[2023-03-31 15:30:13] [ INFO ] [OdontologoService:27] Se comenzo la búsqueda del odontologo con ID: 1
[2023-03-31 15:30:13] [ INFO ] [OdontologoService:27] Se comenzo la búsqueda del odontologo con ID: 1
[2023-03-31 15:30:13] [ WARN ] [OdontologoService:38] Eliminado el odontologo con ID: 1
[2023-03-31 15:30:13] [ INFO ] [OdontologoService:27] Se comenzo la búsqueda del odontologo con ID: 1
[2023-03-31 15:31:26] [ INFO ] [OdontologoService:23] Se comenzo el registro del odontologo con nombre: Mirian
[2023-03-31 15:31:26] [ INFO ] [OdontologoService:27] Se comenzo la búsqueda del odontologo con ID: 1
[2023-03-31 15:31:26] [ INFO ] [OdontologoService:46] Se comenzo la búsqueda de los odontologos.
[2023-03-31 15:31:26] [ INFO ] [OdontologoService:31] Se comenzo a actualizar al odontologo con ID: null
[2023-03-31 15:31:26] [ INFO ] [OdontologoService:27] Se comenzo la búsqueda del odontologo con ID: 1
[2023-03-31 15:31:26] [ INFO ] [OdontologoService:27] Se comenzo la búsqueda del odontologo con ID: 1
[2023-03-31 15:31:26] [ WARN ] [OdontologoService:38] Eliminado el odontologo con ID: 1
[2023-03-31 15:31:26] [ INFO ] [OdontologoService:27] Se comenzo la búsqueda del odontologo con ID: 1
[2023-03-31 15:38:56] [ INFO ] [PacienteService:26] Se comenzo el registro del paciente con nombre: Bernardo
[2023-03-31 15:38:56] [ INFO ] [OdontologoService:23] Se comenzo el registro del odontologo con nombre: Emanuel
[2023-03-31 15:38:56] [ INFO ] [TurnoService:33] Comenzo el registo del TurnoDTO con ID: null
[2023-03-31 15:38:56] [ INFO ] [TurnoService:101] Se comenzo la búsqueda de los turnos.
[2023-03-31 17:10:56] [ INFO ] [PacienteService:26] Se comenzo el registro del paciente con nombre: Bernardo
[2023-03-31 17:10:56] [ INFO ] [OdontologoService:23] Se comenzo el registro del odontologo con nombre: Emanuel
[2023-03-31 17:10:56] [ INFO ] [TurnoService:33] Comenzo el registo del TurnoDTO con ID: null
[2023-03-31 17:10:56] [ INFO ] [TurnoService:101] Se comenzo la búsqueda de los turnos.
[2023-03-31 17:11:03] [ INFO ] [PacienteService:26] Se comenzo el registro del paciente con nombre: Bernardo
[2023-03-31 17:11:03] [ INFO ] [OdontologoService:23] Se comenzo el registro del odontologo con nombre: Emanuel
[2023-03-31 17:11:03] [ INFO ] [TurnoService:33] Comenzo el registo del TurnoDTO con ID: null
[2023-03-31 17:11:03] [ INFO ] [TurnoService:101] Se comenzo la búsqueda de los turnos.
[2023-04-01 15:31:18] [ INFO ] [PacienteService:26] Se comenzo el registro del paciente con nombre: Bernardo
[2023-04-01 15:31:18] [ INFO ] [OdontologoService:23] Se comenzo el registro del odontologo con nombre: Emanuel
[2023-04-01 15:31:18] [ INFO ] [TurnoService:33] Comenzo el registo del TurnoDTO con ID: null
[2023-04-01 15:31:18] [ INFO ] [TurnoService:101] Se comenzo la búsqueda de los turnos.
[2023-04-01 15:32:44] [ INFO ] [PacienteService:26] Se comenzo el registro del paciente con nombre: Bernardo
[2023-04-01 15:32:44] [ INFO ] [OdontologoService:23] Se comenzo el registro del odontologo con nombre: Emanuel
[2023-04-01 15:32:44] [ INFO ] [TurnoService:33] Comenzo el registo del TurnoDTO con ID: null
[2023-04-01 15:32:44] [ INFO ] [TurnoService:101] Se comenzo la búsqueda de los turnos.
[2023-04-01 15:34:37] [ INFO ] [TurnoService:101] Se comenzo la búsqueda de los turnos.
[2023-04-01 15:34:47] [ INFO ] [OdontologoService:23] Se comenzo el registro del odontologo con nombre: Luis
[2023-04-01 15:34:49] [ INFO ] [OdontologoService:46] Se comenzo la búsqueda de los odontologos.
[2023-04-01 15:35:05] [ INFO ] [PacienteService:60] Se comenzo la búsqueda del odontologo con Email: diego@hotmail.com
[2023-04-01 15:35:05] [ INFO ] [PacienteService:26] Se comenzo el registro del paciente con nombre: Luis
[2023-04-01 15:35:07] [ INFO ] [PacienteService:55] Se comenzo la búsqueda de los pacientes.
[2023-04-01 15:35:21] [ INFO ] [OdontologoService:27] Se comenzo la búsqueda del odontologo con ID: 1
[2023-04-01 15:35:21] [ INFO ] [PacienteService:31] Se comenzo la búsqueda del paciente con ID: 1
[2023-04-01 15:35:21] [ INFO ] [TurnoService:33] Comenzo el registo del TurnoDTO con ID: null
[2023-04-01 15:35:23] [ INFO ] [TurnoService:101] Se comenzo la búsqueda de los turnos.
[2023-04-01 15:35:46] [ INFO ] [PacienteService:55] Se comenzo la búsqueda de los pacientes.
[2023-04-01 15:35:49] [ INFO ] [OdontologoService:46] Se comenzo la búsqueda de los odontologos.
[2023-04-01 15:35:51] [ INFO ] [PacienteService:55] Se comenzo la búsqueda de los pacientes.
[2023-04-01 15:36:07] [ INFO ] [PacienteService:60] Se comenzo la búsqueda del odontologo con Email: diego@hotmail.com
[2023-04-01 15:36:08] [ INFO ] [PacienteService:55] Se comenzo la búsqueda de los pacientes.
[2023-04-01 15:36:56] [ INFO ] [TurnoService:101] Se comenzo la búsqueda de los turnos.
[2023-04-01 15:51:31] [ INFO ] [OdontologoService:23] Se comenzo el registro del odontologo con nombre: Yohana
[2023-04-01 15:51:35] [ INFO ] [OdontologoService:46] Se comenzo la búsqueda de los odontologos.
[2023-04-01 16:02:01] [ INFO ] [OdontologoService:46] Se comenzo la búsqueda de los odontologos.
[2023-04-01 16:02:26] [ INFO ] [OdontologoService:23] Se comenzo el registro del odontologo con nombre: Luis
[2023-04-01 16:02:28] [ INFO ] [OdontologoService:46] Se comenzo la búsqueda de los odontologos.
[2023-04-01 16:07:14] [ INFO ] [OdontologoService:46] Se comenzo la búsqueda de los odontologos.
[2023-04-01 16:07:16] [ INFO ] [OdontologoService:46] Se comenzo la búsqueda de los odontologos.
[2023-04-01 16:07:17] [ INFO ] [OdontologoService:46] Se comenzo la búsqueda de los odontologos.
[2023-04-01 16:12:35] [ INFO ] [OdontologoService:46] Se comenzo la búsqueda de los odontologos.
[2023-04-01 16:13:14] [ INFO ] [OdontologoService:23] Se comenzo el registro del odontologo con nombre: Luz mila
[2023-04-01 16:13:15] [ INFO ] [OdontologoService:46] Se comenzo la búsqueda de los odontologos.
[2023-04-01 16:13:37] [ INFO ] [PacienteService:55] Se comenzo la búsqueda de los pacientes.
[2023-04-01 16:13:55] [ INFO ] [OdontologoService:46] Se comenzo la búsqueda de los odontologos.
[2023-04-01 16:16:41] [ INFO ] [OdontologoService:46] Se comenzo la búsqueda de los odontologos.
[2023-04-01 16:18:00] [ INFO ] [OdontologoService:46] Se comenzo la búsqueda de los odontologos.
[2023-04-01 16:18:39] [ INFO ] [OdontologoService:46] Se comenzo la búsqueda de los odontologos.
[2023-04-01 16:18:44] [ INFO ] [OdontologoService:46] Se comenzo la búsqueda de los odontologos.
[2023-04-01 16:19:28] [ INFO ] [OdontologoService:23] Se comenzo el registro del odontologo con nombre: diego
[2023-04-01 16:19:32] [ INFO ] [OdontologoService:46] Se comenzo la búsqueda de los odontologos.
[2023-04-01 16:20:18] [ INFO ] [OdontologoService:27] Se comenzo la búsqueda del odontologo con ID: 1
[2023-04-01 16:20:24] [ INFO ] [OdontologoService:27] Se comenzo la búsqueda del odontologo con ID: 1
[2023-04-01 16:20:24] [ INFO ] [OdontologoService:31] Se comenzo a actualizar al odontologo con ID: 1
[2023-04-01 16:20:24] [ INFO ] [OdontologoService:46] Se comenzo la búsqueda de los odontologos.
[2023-04-01 17:07:35] [ INFO ] [OdontologoService:46] Se comenzo la búsqueda de los odontologos.
[2023-04-01 17:07:47] [ INFO ] [PacienteService:55] Se comenzo la búsqueda de los pacientes.
[2023-04-01 17:13:07] [ INFO ] [OdontologoService:46] Se comenzo la búsqueda de los odontologos.
[2023-04-01 17:22:37] [ INFO ] [OdontologoService:23] Se comenzo el registro del odontologo con nombre: Juan
[2023-04-01 17:22:39] [ INFO ] [OdontologoService:46] Se comenzo la búsqueda de los odontologos.
[2023-04-01 17:23:17] [ INFO ] [PacienteService:60] Se comenzo la búsqueda del odontologo con Email: yohaskj22@gmail.com
[2023-04-01 17:23:17] [ INFO ] [PacienteService:26] Se comenzo el registro del paciente con nombre: Juan Pablo
[2023-04-01 17:23:57] [ INFO ] [TurnoService:101] Se comenzo la búsqueda de los turnos.
[2023-04-01 17:24:39] [ INFO ] [TurnoService:101] Se comenzo la búsqueda de los turnos.
[2023-04-01 17:24:56] [ INFO ] [PacienteService:55] Se comenzo la búsqueda de los pacientes.
[2023-04-01 17:36:34] [ INFO ] [PacienteService:55] Se comenzo la búsqueda de los pacientes.
[2023-04-01 17:36:35] [ INFO ] [PacienteService:55] Se comenzo la búsqueda de los pacientes.
[2023-04-01 17:36:49] [ INFO ] [PacienteService:55] Se comenzo la búsqueda de los pacientes.
[2023-04-01 17:36:52] [ INFO ] [OdontologoService:46] Se comenzo la búsqueda de los odontologos.
[2023-04-01 17:36:56] [ INFO ] [TurnoService:101] Se comenzo la búsqueda de los turnos.
[2023-04-01 17:36:58] [ INFO ] [OdontologoService:46] Se comenzo la búsqueda de los odontologos.
[2023-04-01 17:37:54] [ INFO ] [OdontologoService:46] Se comenzo la búsqueda de los odontologos.
[2023-04-01 17:38:02] [ INFO ] [PacienteService:55] Se comenzo la búsqueda de los pacientes.
[2023-04-01 17:38:24] [ INFO ] [PacienteService:60] Se comenzo la búsqueda del odontologo con Email: diego@hotmail.com
[2023-04-01 17:38:24] [ INFO ] [PacienteService:26] Se comenzo el registro del paciente con nombre: Luis
[2023-04-01 17:38:27] [ INFO ] [PacienteService:55] Se comenzo la búsqueda de los pacientes.
[2023-04-01 17:39:19] [ INFO ] [PacienteService:55] Se comenzo la búsqueda de los pacientes.
[2023-04-01 17:39:21] [ INFO ] [PacienteService:55] Se comenzo la búsqueda de los pacientes.
[2023-04-01 17:39:39] [ INFO ] [PacienteService:60] Se comenzo la búsqueda del odontologo con Email: diego@hotmail.com
[2023-04-01 17:39:39] [ INFO ] [PacienteService:26] Se comenzo el registro del paciente con nombre: Luis
[2023-04-01 17:39:41] [ INFO ] [PacienteService:55] Se comenzo la búsqueda de los pacientes.
[2023-04-01 17:41:09] [ INFO ] [PacienteService:60] Se comenzo la búsqueda del odontologo con Email: diego@hotmail.com
[2023-04-01 17:41:09] [ INFO ] [PacienteService:26] Se comenzo el registro del paciente con nombre: Juan
[2023-04-01 17:41:11] [ INFO ] [PacienteService:55] Se comenzo la búsqueda de los pacientes.
[2023-04-01 17:42:31] [ INFO ] [PacienteService:55] Se comenzo la búsqueda de los pacientes.
[2023-04-01 17:42:32] [ INFO ] [PacienteService:55] Se comenzo la búsqueda de los pacientes.
[2023-04-01 17:42:50] [ INFO ] [PacienteService:60] Se comenzo la búsqueda del odontologo con Email: diego@hotmail.com
[2023-04-01 17:42:50] [ INFO ] [PacienteService:26] Se comenzo el registro del paciente con nombre: Juan
[2023-04-01 17:42:52] [ INFO ] [PacienteService:55] Se comenzo la búsqueda de los pacientes.
[2023-04-01 17:43:04] [ INFO ] [OdontologoService:23] Se comenzo el registro del odontologo con nombre: Yohana
[2023-04-01 17:43:06] [ INFO ] [OdontologoService:46] Se comenzo la búsqueda de los odontologos.
[2023-04-01 17:43:13] [ INFO ] [PacienteService:55] Se comenzo la búsqueda de los pacientes.
[2023-04-01 18:14:01] [ INFO ] [OdontologoService:23] Se comenzo el registro del odontologo con nombre: Luis
[2023-04-01 18:14:03] [ INFO ] [OdontologoService:46] Se comenzo la búsqueda de los odontologos.
[2023-04-01 18:14:18] [ INFO ] [PacienteService:60] Se comenzo la búsqueda del odontologo con Email: diego@hotmail.com
[2023-04-01 18:14:18] [ INFO ] [PacienteService:26] Se comenzo el registro del paciente con nombre: Juan
[2023-04-01 18:14:20] [ INFO ] [PacienteService:55] Se comenzo la búsqueda de los pacientes.
[2023-04-01 18:14:33] [ INFO ] [OdontologoService:27] Se comenzo la búsqueda del odontologo con ID: 1
[2023-04-01 18:14:33] [ INFO ] [PacienteService:31] Se comenzo la búsqueda del paciente con ID: 1
[2023-04-01 18:14:33] [ INFO ] [TurnoService:33] Comenzo el registo del TurnoDTO con ID: null
[2023-04-01 18:14:36] [ INFO ] [TurnoService:101] Se comenzo la búsqueda de los turnos.
[2023-04-01 18:16:26] [ INFO ] [OdontologoService:23] Se comenzo el registro del odontologo con nombre: Juan
[2023-04-01 18:16:36] [ INFO ] [OdontologoService:23] Se comenzo el registro del odontologo con nombre: Luz mila
[2023-04-01 18:16:40] [ INFO ] [OdontologoService:46] Se comenzo la búsqueda de los odontologos.
[2023-04-01 18:17:09] [ INFO ] [PacienteService:60] Se comenzo la búsqueda del odontologo con Email: diego@hotmail.com
[2023-04-01 18:17:12] [ INFO ] [PacienteService:55] Se comenzo la búsqueda de los pacientes.
[2023-04-01 18:17:23] [ INFO ] [PacienteService:55] Se comenzo la búsqueda de los pacientes.
[2023-04-01 18:17:41] [ INFO ] [OdontologoService:27] Se comenzo la búsqueda del odontologo con ID: 1
[2023-04-01 18:17:41] [ INFO ] [PacienteService:31] Se comenzo la búsqueda del paciente con ID: 1
[2023-04-01 18:17:41] [ INFO ] [TurnoService:33] Comenzo el registo del TurnoDTO con ID: null
[2023-04-01 18:17:44] [ INFO ] [TurnoService:101] Se comenzo la búsqueda de los turnos.
[2023-04-01 18:18:03] [ INFO ] [PacienteService:55] Se comenzo la búsqueda de los pacientes.
[2023-04-01 18:19:46] [ INFO ] [PacienteService:55] Se comenzo la búsqueda de los pacientes.
[2023-04-01 18:19:47] [ INFO ] [PacienteService:55] Se comenzo la búsqueda de los pacientes.
[2023-04-01 18:19:50] [ INFO ] [PacienteService:55] Se comenzo la búsqueda de los pacientes.
[2023-04-01 18:21:13] [ INFO ] [OdontologoService:23] Se comenzo el registro del odontologo con nombre: Yohana
[2023-04-01 18:21:16] [ INFO ] [OdontologoService:46] Se comenzo la búsqueda de los odontologos.
[2023-04-01 18:21:18] [ INFO ] [OdontologoService:27] Se comenzo la búsqueda del odontologo con ID: 1
[2023-04-01 18:21:23] [ INFO ] [OdontologoService:27] Se comenzo la búsqueda del odontologo con ID: 1
[2023-04-01 18:21:23] [ INFO ] [OdontologoService:31] Se comenzo a actualizar al odontologo con ID: 1
[2023-04-01 18:21:23] [ INFO ] [OdontologoService:46] Se comenzo la búsqueda de los odontologos.
[2023-04-01 18:21:50] [ INFO ] [PacienteService:60] Se comenzo la búsqueda del odontologo con Email: diego@hotmail.com
[2023-04-01 18:21:50] [ INFO ] [PacienteService:26] Se comenzo el registro del paciente con nombre: Luis
[2023-04-01 18:21:53] [ INFO ] [PacienteService:55] Se comenzo la búsqueda de los pacientes.
[2023-04-01 18:22:12] [ INFO ] [PacienteService:31] Se comenzo la búsqueda del paciente con ID: 1
[2023-04-01 18:22:33] [ INFO ] [OdontologoService:23] Se comenzo el registro del odontologo con nombre: Luz mila
[2023-04-01 18:22:35] [ INFO ] [OdontologoService:46] Se comenzo la búsqueda de los odontologos.
[2023-04-01 18:22:37] [ INFO ] [OdontologoService:27] Se comenzo la búsqueda del odontologo con ID: 2
[2023-04-01 18:22:37] [ INFO ] [OdontologoService:27] Se comenzo la búsqueda del odontologo con ID: 2
[2023-04-01 18:22:37] [ WARN ] [OdontologoService:38] Eliminado el odontologo con ID: 2
[2023-04-01 18:22:49] [ INFO ] [OdontologoService:23] Se comenzo el registro del odontologo con nombre: Junior
[2023-04-01 18:22:52] [ INFO ] [OdontologoService:46] Se comenzo la búsqueda de los odontologos.
[2023-04-01 18:23:07] [ INFO ] [PacienteService:60] Se comenzo la búsqueda del odontologo con Email: diego@hotmail.com
[2023-04-01 18:23:12] [ INFO ] [PacienteService:55] Se comenzo la búsqueda de los pacientes.
[2023-04-01 18:23:19] [ INFO ] [PacienteService:55] Se comenzo la búsqueda de los pacientes.
[2023-04-01 18:23:27] [ INFO ] [PacienteService:31] Se comenzo la búsqueda del paciente con ID: 1
[2023-04-01 18:26:17] [ INFO ] [PacienteService:55] Se comenzo la búsqueda de los pacientes.
[2023-04-01 18:26:37] [ INFO ] [PacienteService:60] Se comenzo la búsqueda del odontologo con Email: yohas@gmail.com
[2023-04-01 18:26:37] [ INFO ] [PacienteService:26] Se comenzo el registro del paciente con nombre: Carolina
[2023-04-01 18:26:40] [ INFO ] [PacienteService:55] Se comenzo la búsqueda de los pacientes.
[2023-04-01 18:26:49] [ INFO ] [PacienteService:31] Se comenzo la búsqueda del paciente con ID: 1
[2023-04-01 18:35:47] [ INFO ] [PacienteService:55] Se comenzo la búsqueda de los pacientes.
[2023-04-01 18:36:00] [ INFO ] [OdontologoService:23] Se comenzo el registro del odontologo con nombre: Carolina
[2023-04-01 18:36:06] [ INFO ] [OdontologoService:23] Se comenzo el registro del odontologo con nombre: Yohana
[2023-04-01 18:36:08] [ INFO ] [OdontologoService:46] Se comenzo la búsqueda de los odontologos.
[2023-04-01 18:36:11] [ INFO ] [OdontologoService:27] Se comenzo la búsqueda del odontologo con ID: 1
[2023-04-01 18:36:15] [ INFO ] [OdontologoService:27] Se comenzo la búsqueda del odontologo con ID: 1
[2023-04-01 18:36:15] [ INFO ] [OdontologoService:31] Se comenzo a actualizar al odontologo con ID: 1
[2023-04-01 18:36:15] [ INFO ] [OdontologoService:46] Se comenzo la búsqueda de los odontologos.
[2023-04-01 18:36:33] [ INFO ] [PacienteService:60] Se comenzo la búsqueda del odontologo con Email: yohaskj22@gmail.com
[2023-04-01 18:36:33] [ INFO ] [PacienteService:26] Se comenzo el registro del paciente con nombre: Yohana
[2023-04-01 18:36:49] [ INFO ] [PacienteService:60] Se comenzo la búsqueda del odontologo con Email: diego@hotmail.com
[2023-04-01 18:36:49] [ INFO ] [PacienteService:26] Se comenzo el registro del paciente con nombre: diego
[2023-04-01 18:36:51] [ INFO ] [PacienteService:55] Se comenzo la búsqueda de los pacientes.
[2023-04-01 18:36:54] [ INFO ] [PacienteService:31] Se comenzo la búsqueda del paciente con ID: 2
[2023-04-01 18:37:21] [ INFO ] [PacienteService:31] Se comenzo la búsqueda del paciente con ID: 2
[2023-04-01 18:37:21] [ INFO ] [PacienteService:38] Se comenzo a actualizar al paciente con ID: 2
[2023-04-01 18:37:21] [ INFO ] [PacienteService:55] Se comenzo la búsqueda de los pacientes.
[2023-04-01 18:37:31] [ INFO ] [PacienteService:31] Se comenzo la búsqueda del paciente con ID: 1
[2023-04-01 18:37:48] [ INFO ] [PacienteService:31] Se comenzo la búsqueda del paciente con ID: 1
[2023-04-01 18:37:48] [ INFO ] [PacienteService:38] Se comenzo a actualizar al paciente con ID: 1
[2023-04-01 18:37:48] [ INFO ] [PacienteService:55] Se comenzo la búsqueda de los pacientes.
[2023-04-01 18:37:59] [ INFO ] [PacienteService:31] Se comenzo la búsqueda del paciente con ID: 2
[2023-04-01 18:37:59] [ INFO ] [PacienteService:31] Se comenzo la búsqueda del paciente con ID: 2
[2023-04-01 18:37:59] [ WARN ] [PacienteService:46] Eliminado el paciente con ID: 2
[2023-04-01 18:38:15] [ INFO ] [OdontologoService:27] Se comenzo la búsqueda del odontologo con ID: 1
[2023-04-01 18:38:15] [ INFO ] [PacienteService:31] Se comenzo la búsqueda del paciente con ID: 1
[2023-04-01 18:38:15] [ INFO ] [TurnoService:33] Comenzo el registo del TurnoDTO con ID: null
[2023-04-01 18:38:25] [ INFO ] [OdontologoService:27] Se comenzo la búsqueda del odontologo con ID: 2
[2023-04-01 18:38:25] [ INFO ] [PacienteService:31] Se comenzo la búsqueda del paciente con ID: 1
[2023-04-01 18:38:25] [ INFO ] [TurnoService:33] Comenzo el registo del TurnoDTO con ID: null
[2023-04-01 18:38:28] [ INFO ] [TurnoService:101] Se comenzo la búsqueda de los turnos.
[2023-04-01 18:39:40] [ INFO ] [TurnoService:101] Se comenzo la búsqueda de los turnos.
[2023-04-01 18:40:16] [ INFO ] [TurnoService:101] Se comenzo la búsqueda de los turnos.
[2023-04-01 18:40:18] [ INFO ] [TurnoService:101] Se comenzo la búsqueda de los turnos.
[2023-04-01 18:50:09] [ INFO ] [OdontologoService:46] Se comenzo la búsqueda de los odontologos.
[2023-04-01 18:50:19] [ INFO ] [OdontologoService:23] Se comenzo el registro del odontologo con nombre: Carolina
[2023-04-01 18:50:20] [ INFO ] [OdontologoService:46] Se comenzo la búsqueda de los odontologos.
[2023-04-01 18:50:23] [ INFO ] [OdontologoService:27] Se comenzo la búsqueda del odontologo con ID: 1
[2023-04-01 18:53:06] [ INFO ] [OdontologoService:46] Se comenzo la búsqueda de los odontologos.
[2023-04-01 18:53:18] [ INFO ] [OdontologoService:23] Se comenzo el registro del odontologo con nombre: Juan Pablo
[2023-04-01 18:53:43] [ INFO ] [OdontologoService:46] Se comenzo la búsqueda de los odontologos.
[2023-04-01 18:53:46] [ INFO ] [OdontologoService:27] Se comenzo la búsqueda del odontologo con ID: 1
[2023-04-01 18:53:54] [ INFO ] [OdontologoService:27] Se comenzo la búsqueda del odontologo con ID: 1
[2023-04-01 18:53:54] [ INFO ] [OdontologoService:31] Se comenzo a actualizar al odontologo con ID: 1
[2023-04-01 18:53:54] [ INFO ] [OdontologoService:46] Se comenzo la búsqueda de los odontologos.
[2023-04-01 18:54:18] [ INFO ] [PacienteService:60] Se comenzo la búsqueda del odontologo con Email: yohaskj22@gmail.com
[2023-04-01 18:54:18] [ INFO ] [PacienteService:26] Se comenzo el registro del paciente con nombre: Yohana
[2023-04-01 18:54:22] [ INFO ] [PacienteService:55] Se comenzo la búsqueda de los pacientes.
[2023-04-01 18:54:25] [ INFO ] [PacienteService:31] Se comenzo la búsqueda del paciente con ID: 1
[2023-04-01 18:54:33] [ INFO ] [PacienteService:31] Se comenzo la búsqueda del paciente con ID: 1
[2023-04-01 18:54:33] [ INFO ] [PacienteService:38] Se comenzo a actualizar al paciente con ID: 1
[2023-04-01 18:54:33] [ INFO ] [PacienteService:55] Se comenzo la búsqueda de los pacientes.
[2023-04-01 18:54:47] [ INFO ] [OdontologoService:27] Se comenzo la búsqueda del odontologo con ID: 1
[2023-04-01 18:54:47] [ INFO ] [PacienteService:31] Se comenzo la búsqueda del paciente con ID: 1
[2023-04-01 18:54:47] [ INFO ] [TurnoService:33] Comenzo el registo del TurnoDTO con ID: null
[2023-04-01 18:54:50] [ INFO ] [TurnoService:101] Se comenzo la búsqueda de los turnos.
[2023-04-01 18:56:17] [ INFO ] [TurnoService:101] Se comenzo la búsqueda de los turnos.
[2023-04-01 18:56:18] [ INFO ] [TurnoService:101] Se comenzo la búsqueda de los turnos.
[2023-04-01 18:56:28] [ INFO ] [OdontologoService:23] Se comenzo el registro del odontologo con nombre: diego
[2023-04-01 18:56:31] [ INFO ] [OdontologoService:46] Se comenzo la búsqueda de los odontologos.
[2023-04-01 19:01:07] [ INFO ] [OdontologoService:23] Se comenzo el registro del odontologo con nombre: Carolina
[2023-04-01 19:01:10] [ INFO ] [OdontologoService:46] Se comenzo la búsqueda de los odontologos.
[2023-04-01 19:05:13] [ INFO ] [PacienteService:55] Se comenzo la búsqueda de los pacientes.
[2023-04-01 19:15:45] [ INFO ] [OdontologoService:23] Se comenzo el registro del odontologo con nombre: Yohana
[2023-04-01 19:15:47] [ INFO ] [OdontologoService:46] Se comenzo la búsqueda de los odontologos.
[2023-04-01 19:16:08] [ INFO ] [PacienteService:60] Se comenzo la búsqueda del odontologo con Email: yohaskj22@gmail.com
[2023-04-01 19:16:08] [ INFO ] [PacienteService:26] Se comenzo el registro del paciente con nombre: Yohana
[2023-04-01 19:16:11] [ INFO ] [PacienteService:55] Se comenzo la búsqueda de los pacientes.
[2023-04-01 19:16:31] [ INFO ] [OdontologoService:27] Se comenzo la búsqueda del odontologo con ID: 1
[2023-04-01 19:16:31] [ INFO ] [PacienteService:31] Se comenzo la búsqueda del paciente con ID: 1
[2023-04-01 19:16:31] [ INFO ] [TurnoService:33] Comenzo el registo del TurnoDTO con ID: null
[2023-04-01 19:16:33] [ INFO ] [TurnoService:101] Se comenzo la búsqueda de los turnos.
[2023-04-01 19:16:35] [ INFO ] [TurnoService:39] Comenzo la búsqueda del TurnoDTO con ID: 1
[2023-04-01 19:16:38] [ INFO ] [PacienteService:55] Se comenzo la búsqueda de los pacientes.
[2023-04-01 19:16:45] [ INFO ] [OdontologoService:46] Se comenzo la búsqueda de los odontologos.
[2023-04-01 19:16:48] [ INFO ] [PacienteService:55] Se comenzo la búsqueda de los pacientes.
[2023-04-01 19:16:59] [ INFO ] [PacienteService:55] Se comenzo la búsqueda de los pacientes.
[2023-04-01 19:17:02] [ INFO ] [TurnoService:101] Se comenzo la búsqueda de los turnos.
[2023-04-01 19:17:04] [ INFO ] [OdontologoService:46] Se comenzo la búsqueda de los odontologos.
[2023-04-01 19:17:06] [ INFO ] [PacienteService:55] Se comenzo la búsqueda de los pacientes.
[2023-04-01 19:21:02] [ INFO ] [PacienteService:60] Se comenzo la búsqueda del odontologo con Email: yohaskj22@gmail.com
[2023-04-01 19:27:34] [ INFO ] [PacienteService:60] Se comenzo la búsqueda del odontologo con Email: yohaskj22@gmail.com
[2023-04-01 19:27:34] [ INFO ] [PacienteService:26] Se comenzo el registro del paciente con nombre: Yohana
[2023-04-01 19:28:07] [ INFO ] [PacienteService:60] Se comenzo la búsqueda del odontologo con Email: yohaskj22@gmail.com
[2023-04-01 19:31:14] [ INFO ] [PacienteService:60] Se comenzo la búsqueda del odontologo con Email: yohaskj22@gmail.com
[2023-04-01 19:31:31] [ INFO ] [PacienteService:60] Se comenzo la búsqueda del odontologo con Email: yohaskj22@gmail.com
[2023-04-01 19:31:53] [ INFO ] [PacienteService:60] Se comenzo la búsqueda del odontologo con Email: yohaskj22@gmail.com
[2023-04-01 19:35:06] [ INFO ] [PacienteService:55] Se comenzo la búsqueda de los pacientes.
[2023-04-01 19:37:42] [ INFO ] [PacienteService:60] Se comenzo la búsqueda del odontologo con Email: juand@gmail.com
[2023-04-01 19:37:42] [ INFO ] [PacienteService:26] Se comenzo el registro del paciente con nombre: Juan
[2023-04-01 19:38:10] [ INFO ] [PacienteService:60] Se comenzo la búsqueda del odontologo con Email: yohaskj22@gmail.com
[2023-04-01 19:38:10] [ INFO ] [PacienteService:26] Se comenzo el registro del paciente con nombre: Yohana
[2023-04-01 19:38:20] [ INFO ] [PacienteService:55] Se comenzo la búsqueda de los pacientes.
[2023-04-01 19:39:58] [ INFO ] [PacienteService:60] Se comenzo la búsqueda del odontologo con Email: diego@hotmail.com
[2023-04-01 19:39:58] [ INFO ] [PacienteService:26] Se comenzo el registro del paciente con nombre: Luis
[2023-04-01 19:40:04] [ INFO ] [PacienteService:55] Se comenzo la búsqueda de los pacientes.
[2023-04-01 19:41:21] [ INFO ] [PacienteService:31] Se comenzo la búsqueda del paciente con ID: 2
[2023-04-01 19:41:21] [ INFO ] [PacienteService:38] Se comenzo a actualizar al paciente con ID: 2
[2023-04-01 19:41:32] [ INFO ] [PacienteService:55] Se comenzo la búsqueda de los pacientes.
[2023-04-01 19:42:10] [ INFO ] [OdontologoService:46] Se comenzo la búsqueda de los odontologos.
[2023-04-01 19:43:04] [ INFO ] [OdontologoService:23] Se comenzo el registro del odontologo con nombre: Carolina
[2023-04-01 19:43:07] [ INFO ] [OdontologoService:46] Se comenzo la búsqueda de los odontologos.
[2023-04-01 19:43:18] [ INFO ] [OdontologoService:23] Se comenzo el registro del odontologo con nombre: Juan Pablo
[2023-04-01 19:43:20] [ INFO ] [OdontologoService:46] Se comenzo la búsqueda de los odontologos.
[2023-04-01 19:43:34] [ INFO ] [OdontologoService:23] Se comenzo el registro del odontologo con nombre: Diego
[2023-04-01 19:43:38] [ INFO ] [OdontologoService:46] Se comenzo la búsqueda de los odontologos.
[2023-04-01 19:43:44] [ INFO ] [PacienteService:55] Se comenzo la búsqueda de los pacientes.
[2023-04-01 19:43:53] [ INFO ] [PacienteService:31] Se comenzo la búsqueda del paciente con ID: 2
[2023-04-01 19:44:23] [ INFO ] [OdontologoService:27] Se comenzo la búsqueda del odontologo con ID: 2
[2023-04-01 19:44:23] [ INFO ] [PacienteService:31] Se comenzo la búsqueda del paciente con ID: 1
[2023-04-01 19:44:23] [ INFO ] [TurnoService:33] Comenzo el registo del TurnoDTO con ID: null
[2023-04-01 19:44:46] [ INFO ] [TurnoService:101] Se comenzo la búsqueda de los turnos.
[2023-04-01 19:45:14] [ INFO ] [TurnoService:101] Se comenzo la búsqueda de los turnos.
[2023-04-01 19:45:42] [ INFO ] [OdontologoService:27] Se comenzo la búsqueda del odontologo con ID: 1
[2023-04-01 19:45:42] [ INFO ] [PacienteService:31] Se comenzo la búsqueda del paciente con ID: 1
[2023-04-01 19:45:42] [ INFO ] [TurnoService:33] Comenzo el registo del TurnoDTO con ID: null
[2023-04-01 19:45:44] [ INFO ] [TurnoService:101] Se comenzo la búsqueda de los turnos.
[2023-04-02 11:33:57] [ INFO ] [OdontologoService:27] Se comenzo la búsqueda del odontologo con ID: 2
[2023-04-02 11:33:57] [ ERROR] [GlobalExceptions:22] Se esta presentando un error: No es posible registrar turno dado el paciente o el odontologo no fueron encontrados
[2023-04-03 10:17:06] [ INFO ] [OdontologoService:23] Se comenzo el registro del odontologo con nombre: Yohana
[2023-04-03 10:17:18] [ INFO ] [OdontologoService:23] Se comenzo el registro del odontologo con nombre: Juan Pablo
[2023-04-03 10:17:20] [ INFO ] [OdontologoService:46] Se comenzo la búsqueda de los odontologos.
[2023-04-03 10:17:22] [ INFO ] [OdontologoService:27] Se comenzo la búsqueda del odontologo con ID: 1
[2023-04-03 10:17:28] [ INFO ] [OdontologoService:27] Se comenzo la búsqueda del odontologo con ID: 1
[2023-04-03 10:17:28] [ INFO ] [OdontologoService:31] Se comenzo a actualizar al odontologo con ID: 1
[2023-04-03 10:17:28] [ INFO ] [OdontologoService:46] Se comenzo la búsqueda de los odontologos.
[2023-04-03 10:17:48] [ INFO ] [PacienteService:60] Se comenzo la búsqueda del odontologo con Email: diego@hotmail.com
[2023-04-03 10:17:48] [ INFO ] [PacienteService:26] Se comenzo el registro del paciente con nombre: diego
[2023-04-03 10:18:03] [ INFO ] [PacienteService:60] Se comenzo la búsqueda del odontologo con Email: diego@hotmail.com
[2023-04-03 10:18:06] [ INFO ] [PacienteService:55] Se comenzo la búsqueda de los pacientes.
[2023-04-03 10:18:47] [ INFO ] [PacienteService:60] Se comenzo la búsqueda del odontologo con Email: luz@gmail.com
[2023-04-03 10:18:47] [ INFO ] [PacienteService:26] Se comenzo el registro del paciente con nombre: Luz mila
[2023-04-03 10:18:51] [ INFO ] [PacienteService:55] Se comenzo la búsqueda de los pacientes.
[2023-04-03 10:18:55] [ INFO ] [PacienteService:31] Se comenzo la búsqueda del paciente con ID: 2
[2023-04-03 10:19:02] [ INFO ] [PacienteService:31] Se comenzo la búsqueda del paciente con ID: 2
[2023-04-03 10:19:02] [ INFO ] [PacienteService:38] Se comenzo a actualizar al paciente con ID: 2
[2023-04-03 10:19:02] [ INFO ] [PacienteService:55] Se comenzo la búsqueda de los pacientes.
[2023-04-03 10:19:17] [ INFO ] [OdontologoService:27] Se comenzo la búsqueda del odontologo con ID: 1
[2023-04-03 10:19:17] [ INFO ] [PacienteService:31] Se comenzo la búsqueda del paciente con ID: 2
[2023-04-03 10:19:17] [ INFO ] [TurnoService:33] Comenzo el registo del TurnoDTO con ID: null
[2023-04-03 10:19:25] [ INFO ] [OdontologoService:27] Se comenzo la búsqueda del odontologo con ID: 2
[2023-04-03 10:19:25] [ INFO ] [PacienteService:31] Se comenzo la búsqueda del paciente con ID: 1
[2023-04-03 10:19:25] [ INFO ] [TurnoService:33] Comenzo el registo del TurnoDTO con ID: null
[2023-04-03 10:19:27] [ INFO ] [TurnoService:101] Se comenzo la búsqueda de los turnos.
[2023-04-03 10:19:45] [ INFO ] [OdontologoService:27] Se comenzo la búsqueda del odontologo con ID: 1
[2023-04-03 10:19:45] [ INFO ] [PacienteService:31] Se comenzo la búsqueda del paciente con ID: 3
[2023-04-03 10:19:45] [ ERROR] [GlobalExceptions:22] Se esta presentando un error: No es posible registrar turno dado el paciente o el odontologo no fueron encontrados
[2023-04-03 10:33:47] [ INFO ] [OdontologoService:23] Se comenzo el registro del odontologo con nombre: diego
[2023-04-03 10:34:06] [ INFO ] [PacienteService:60] Se comenzo la búsqueda del odontologo con Email: luz@gmail.com
[2023-04-03 10:34:16] [ INFO ] [OdontologoService:27] Se comenzo la búsqueda del odontologo con ID: 2
[2023-04-03 10:34:16] [ INFO ] [PacienteService:31] Se comenzo la búsqueda del paciente con ID: 2
[2023-04-03 10:34:16] [ INFO ] [TurnoService:33] Comenzo el registo del TurnoDTO con ID: null
[2023-04-03 10:34:24] [ INFO ] [TurnoService:101] Se comenzo la búsqueda de los turnos.
[2023-04-03 10:34:27] [ INFO ] [TurnoService:101] Se comenzo la búsqueda de los turnos.
[2023-04-03 10:34:28] [ INFO ] [TurnoService:101] Se comenzo la búsqueda de los turnos.
[2023-04-03 10:34:29] [ INFO ] [TurnoService:101] Se comenzo la búsqueda de los turnos.
[2023-04-03 10:34:36] [ INFO ] [TurnoService:101] Se comenzo la búsqueda de los turnos.
[2023-04-03 10:36:01] [ INFO ] [TurnoService:101] Se comenzo la búsqueda de los turnos.
[2023-04-03 10:36:02] [ INFO ] [TurnoService:101] Se comenzo la búsqueda de los turnos.
[2023-04-03 10:36:12] [ INFO ] [OdontologoService:23] Se comenzo el registro del odontologo con nombre: Carolina
[2023-04-03 10:36:39] [ INFO ] [PacienteService:60] Se comenzo la búsqueda del odontologo con Email: luz@gmail.com
[2023-04-03 10:36:39] [ INFO ] [PacienteService:26] Se comenzo el registro del paciente con nombre: Luz mila
[2023-04-03 10:36:49] [ INFO ] [PacienteService:55] Se comenzo la búsqueda de los pacientes.
[2023-04-03 10:37:00] [ INFO ] [OdontologoService:27] Se comenzo la búsqueda del odontologo con ID: 1
[2023-04-03 10:37:00] [ INFO ] [PacienteService:31] Se comenzo la búsqueda del paciente con ID: 2
[2023-04-03 10:37:00] [ ERROR] [GlobalExceptions:22] Se esta presentando un error: No es posible registrar turno dado el paciente o el odontologo no fueron encontrados
[2023-04-05 15:12:21] [ INFO ] [OdontologoService:23] Se comenzo el registro del odontologo con nombre: Luz mila
[2023-04-05 15:12:25] [ INFO ] [OdontologoService:46] Se comenzo la búsqueda de los odontologos.
[2023-04-05 15:12:41] [ INFO ] [PacienteService:60] Se comenzo la búsqueda del odontologo con Email: diego@hotmail.com
[2023-04-05 15:12:41] [ INFO ] [PacienteService:26] Se comenzo el registro del paciente con nombre: diego
[2023-04-05 15:12:43] [ INFO ] [PacienteService:55] Se comenzo la búsqueda de los pacientes.
[2023-04-05 15:19:14] [ INFO ] [TurnoService:101] Se comenzo la búsqueda de los turnos.
[2023-04-05 15:48:56] [ INFO ] [OdontologoService:23] Se comenzo el registro del odontologo con nombre: Yohana
[2023-04-05 15:48:58] [ INFO ] [OdontologoService:46] Se comenzo la búsqueda de los odontologos.
[2023-04-05 15:49:20] [ INFO ] [PacienteService:60] Se comenzo la búsqueda del odontologo con Email: yohaskj22@gmail.com
[2023-04-05 15:49:20] [ INFO ] [PacienteService:26] Se comenzo el registro del paciente con nombre: Yohana
[2023-04-05 15:49:23] [ INFO ] [PacienteService:55] Se comenzo la búsqueda de los pacientes.
[2023-04-05 15:49:33] [ INFO ] [OdontologoService:27] Se comenzo la búsqueda del odontologo con ID: 1
[2023-04-05 15:49:33] [ INFO ] [PacienteService:31] Se comenzo la búsqueda del paciente con ID: 1
[2023-04-05 15:49:33] [ INFO ] [TurnoService:33] Comenzo el registo del TurnoDTO con ID: null
[2023-04-05 15:49:35] [ INFO ] [TurnoService:101] Se comenzo la búsqueda de los turnos.
[2023-04-05 15:49:40] [ INFO ] [TurnoService:101] Se comenzo la búsqueda de los turnos.
[2023-04-05 15:50:51] [ INFO ] [OdontologoService:23] Se comenzo el registro del odontologo con nombre: Carolina
[2023-04-05 15:50:53] [ INFO ] [OdontologoService:46] Se comenzo la búsqueda de los odontologos.
[2023-04-05 15:51:07] [ INFO ] [PacienteService:60] Se comenzo la búsqueda del odontologo con Email: diego@hotmail.com
[2023-04-05 15:51:07] [ INFO ] [PacienteService:26] Se comenzo el registro del paciente con nombre: diego
[2023-04-05 15:51:15] [ INFO ] [PacienteService:60] Se comenzo la búsqueda del odontologo con Email: diego@hotmail.com
[2023-04-05 15:51:18] [ INFO ] [OdontologoService:46] Se comenzo la búsqueda de los odontologos.
[2023-04-05 15:51:23] [ INFO ] [PacienteService:55] Se comenzo la búsqueda de los pacientes.
[2023-04-05 15:51:39] [ INFO ] [PacienteService:60] Se comenzo la búsqueda del odontologo con Email: luz@gmail.com
[2023-04-05 15:51:39] [ INFO ] [PacienteService:26] Se comenzo el registro del paciente con nombre: Luz mila
[2023-04-05 15:52:05] [ INFO ] [PacienteService:55] Se comenzo la búsqueda de los pacientes.
[2023-04-05 15:52:14] [ INFO ] [OdontologoService:27] Se comenzo la búsqueda del odontologo con ID: 1
[2023-04-05 15:52:14] [ INFO ] [PacienteService:31] Se comenzo la búsqueda del paciente con ID: 1
[2023-04-05 15:52:14] [ INFO ] [TurnoService:33] Comenzo el registo del TurnoDTO con ID: null
[2023-04-05 15:52:17] [ INFO ] [TurnoService:101] Se comenzo la búsqueda de los turnos.
[2023-04-06 12:35:38] [ INFO ] [OdontologoService:23] Se comenzo el registro del odontologo con nombre: Luz mila
[2023-04-06 12:35:45] [ INFO ] [OdontologoService:23] Se comenzo el registro del odontologo con nombre: Carolina
[2023-04-06 12:35:47] [ INFO ] [OdontologoService:46] Se comenzo la búsqueda de los odontologos.
[2023-04-06 12:35:49] [ INFO ] [OdontologoService:27] Se comenzo la búsqueda del odontologo con ID: 1
[2023-04-06 12:35:54] [ INFO ] [OdontologoService:27] Se comenzo la búsqueda del odontologo con ID: 1
[2023-04-06 12:35:54] [ INFO ] [OdontologoService:31] Se comenzo a actualizar al odontologo con ID: 1
[2023-04-06 12:35:54] [ INFO ] [OdontologoService:46] Se comenzo la búsqueda de los odontologos.
[2023-04-06 12:36:46] [ INFO ] [PacienteService:60] Se comenzo la búsqueda del odontologo con Email: yohaskj22@gmail.com
[2023-04-06 12:36:46] [ INFO ] [PacienteService:26] Se comenzo el registro del paciente con nombre: Yohana
[2023-04-06 12:36:49] [ INFO ] [PacienteService:55] Se comenzo la búsqueda de los pacientes.
[2023-04-06 12:36:54] [ INFO ] [PacienteService:31] Se comenzo la búsqueda del paciente con ID: 1
[2023-04-06 12:37:11] [ INFO ] [PacienteService:31] Se comenzo la búsqueda del paciente con ID: 1
[2023-04-06 12:37:11] [ INFO ] [PacienteService:38] Se comenzo a actualizar al paciente con ID: 1
[2023-04-06 12:37:11] [ INFO ] [PacienteService:55] Se comenzo la búsqueda de los pacientes.
[2023-04-06 12:37:24] [ INFO ] [OdontologoService:27] Se comenzo la búsqueda del odontologo con ID: 1
[2023-04-06 12:37:24] [ INFO ] [PacienteService:31] Se comenzo la búsqueda del paciente con ID: 1
[2023-04-06 12:37:24] [ INFO ] [TurnoService:33] Comenzo el registo del TurnoDTO con ID: null
[2023-04-06 12:37:27] [ INFO ] [TurnoService:101] Se comenzo la búsqueda de los turnos.
[2023-04-06 12:37:31] [ INFO ] [TurnoService:39] Comenzo la búsqueda del TurnoDTO con ID: 1
[2023-04-06 12:37:47] [ INFO ] [TurnoService:39] Comenzo la búsqueda del TurnoDTO con ID: 1
[2023-04-06 12:37:47] [ INFO ] [OdontologoService:27] Se comenzo la búsqueda del odontologo con ID: 2
[2023-04-06 12:37:47] [ INFO ] [PacienteService:31] Se comenzo la búsqueda del paciente con ID: 1
[2023-04-06 12:37:47] [ INFO ] [TurnoService:52] Se comenzo a actualizar el TurnoDTO con ID: 1
[2023-04-06 12:37:47] [ INFO ] [TurnoService:101] Se comenzo la búsqueda de los turnos.
[2023-04-07 11:29:34] [ INFO ] [OdontologoService:23] Se comenzo el registro del odontologo con nombre: Juan Pablo
[2023-04-07 11:29:42] [ INFO ] [OdontologoService:23] Se comenzo el registro del odontologo con nombre: Yohana
[2023-04-07 11:29:44] [ INFO ] [OdontologoService:46] Se comenzo la búsqueda de los odontologos.
[2023-04-07 11:30:03] [ INFO ] [PacienteService:60] Se comenzo la búsqueda del odontologo con Email: luz@gmail.com
[2023-04-07 11:30:03] [ INFO ] [PacienteService:26] Se comenzo el registro del paciente con nombre: Luz mila
[2023-04-07 11:30:18] [ INFO ] [PacienteService:60] Se comenzo la búsqueda del odontologo con Email: diego@hotmail.com
[2023-04-07 11:30:18] [ INFO ] [PacienteService:26] Se comenzo el registro del paciente con nombre: Juan
[2023-04-07 11:30:20] [ INFO ] [PacienteService:55] Se comenzo la búsqueda de los pacientes.
[2023-04-07 11:30:35] [ INFO ] [OdontologoService:27] Se comenzo la búsqueda del odontologo con ID: 1
[2023-04-07 11:30:35] [ INFO ] [PacienteService:31] Se comenzo la búsqueda del paciente con ID: 2
[2023-04-07 11:30:35] [ INFO ] [TurnoService:33] Comenzo el registo del TurnoDTO con ID: null
[2023-04-07 11:30:43] [ INFO ] [OdontologoService:27] Se comenzo la búsqueda del odontologo con ID: 2
[2023-04-07 11:30:43] [ INFO ] [PacienteService:31] Se comenzo la búsqueda del paciente con ID: 2
[2023-04-07 11:30:43] [ INFO ] [TurnoService:33] Comenzo el registo del TurnoDTO con ID: null
[2023-04-07 11:30:46] [ INFO ] [TurnoService:101] Se comenzo la búsqueda de los turnos.
[2023-04-07 11:31:50] [ INFO ] [OdontologoService:23] Se comenzo el registro del odontologo con nombre: Juan Pablo
[2023-04-07 11:31:55] [ INFO ] [OdontologoService:46] Se comenzo la búsqueda de los odontologos.
[2023-04-07 11:32:07] [ INFO ] [OdontologoService:46] Se comenzo la búsqueda de los odontologos.
[2023-04-07 11:32:12] [ INFO ] [OdontologoService:46] Se comenzo la búsqueda de los odontologos.
[2023-04-07 11:32:23] [ INFO ] [OdontologoService:27] Se comenzo la búsqueda del odontologo con ID: 1
[2023-04-07 11:32:23] [ INFO ] [PacienteService:31] Se comenzo la búsqueda del paciente con ID: 1
[2023-04-07 11:32:23] [ ERROR] [GlobalExceptions:22] Se esta presentando un error: No es posible registrar turno dado el paciente o el odontologo no fueron encontrados
[2023-04-07 11:32:25] [ INFO ] [TurnoService:101] Se comenzo la búsqueda de los turnos.
[2023-04-07 11:32:54] [ INFO ] [TurnoService:101] Se comenzo la búsqueda de los turnos.
[2023-04-07 11:34:28] [ INFO ] [TurnoService:101] Se comenzo la búsqueda de los turnos.
[2023-04-07 11:34:44] [ INFO ] [OdontologoService:23] Se comenzo el registro del odontologo con nombre: Carolina
[2023-04-07 11:34:54] [ INFO ] [OdontologoService:46] Se comenzo la búsqueda de los odontologos.
[2023-04-07 15:39:40] [ INFO ] [OdontologoService:23] Se comenzo el registro del odontologo con nombre: Yohana
[2023-04-07 15:39:42] [ INFO ] [OdontologoService:46] Se comenzo la búsqueda de los odontologos.
[2023-04-07 15:39:55] [ INFO ] [OdontologoService:46] Se comenzo la búsqueda de los odontologos.
[2023-04-07 15:41:22] [ INFO ] [OdontologoService:23] Se comenzo el registro del odontologo con nombre: Juan Pablo
[2023-04-07 15:41:25] [ INFO ] [OdontologoService:46] Se comenzo la búsqueda de los odontologos.
[2023-04-07 15:41:44] [ INFO ] [OdontologoService:46] Se comenzo la búsqueda de los odontologos.
[2023-04-07 15:45:47] [ INFO ] [OdontologoService:23] Se comenzo el registro del odontologo con nombre: Yohana
[2023-04-07 15:45:49] [ INFO ] [OdontologoService:46] Se comenzo la búsqueda de los odontologos.
[2023-04-07 15:46:05] [ INFO ] [PacienteService:60] Se comenzo la búsqueda del odontologo con Email: diego@hotmail.com
[2023-04-07 15:46:05] [ INFO ] [PacienteService:26] Se comenzo el registro del paciente con nombre: diego
[2023-04-07 15:46:07] [ INFO ] [PacienteService:55] Se comenzo la búsqueda de los pacientes.
[2023-04-07 15:46:18] [ INFO ] [OdontologoService:27] Se comenzo la búsqueda del odontologo con ID: 1
[2023-04-07 15:46:18] [ INFO ] [PacienteService:31] Se comenzo la búsqueda del paciente con ID: 1
[2023-04-07 15:46:18] [ INFO ] [TurnoService:33] Comenzo el registo del TurnoDTO con ID: null
[2023-04-07 15:46:20] [ INFO ] [TurnoService:101] Se comenzo la búsqueda de los turnos.
[2023-04-07 16:41:39] [ INFO ] [TurnoService:101] Se comenzo la búsqueda de los turnos.
[2023-04-07 16:41:48] [ INFO ] [TurnoService:101] Se comenzo la búsqueda de los turnos.
[2023-04-07 16:41:49] [ INFO ] [TurnoService:101] Se comenzo la búsqueda de los turnos.
[2023-04-07 16:42:13] [ INFO ] [OdontologoService:23] Se comenzo el registro del odontologo con nombre: Carolina
[2023-04-07 16:42:16] [ INFO ] [OdontologoService:46] Se comenzo la búsqueda de los odontologos.
[2023-04-07 16:42:30] [ INFO ] [PacienteService:60] Se comenzo la búsqueda del odontologo con Email: diego@hotmail.com
[2023-04-07 16:42:30] [ INFO ] [PacienteService:26] Se comenzo el registro del paciente con nombre: diego
[2023-04-07 16:42:32] [ INFO ] [PacienteService:55] Se comenzo la búsqueda de los pacientes.
[2023-04-07 16:42:46] [ INFO ] [OdontologoService:27] Se comenzo la búsqueda del odontologo con ID: 1
[2023-04-07 16:42:46] [ INFO ] [PacienteService:31] Se comenzo la búsqueda del paciente con ID: 1
[2023-04-07 16:42:46] [ INFO ] [TurnoService:33] Comenzo el registo del TurnoDTO con ID: null
[2023-04-07 16:42:49] [ INFO ] [TurnoService:101] Se comenzo la búsqueda de los turnos.
[2023-04-07 16:42:52] [ INFO ] [TurnoService:101] Se comenzo la búsqueda de los turnos.
[2023-04-07 16:43:56] [ INFO ] [OdontologoService:23] Se comenzo el registro del odontologo con nombre: Carolina
[2023-04-07 16:43:58] [ INFO ] [OdontologoService:46] Se comenzo la búsqueda de los odontologos.
[2023-04-07 16:53:20] [ INFO ] [OdontologoService:27] Se comenzo la búsqueda del odontologo con ID: 1
[2023-04-07 16:53:20] [ INFO ] [PacienteService:31] Se comenzo la búsqueda del paciente con ID: 1
[2023-04-07 16:53:20] [ ERROR] [GlobalExceptions:22] Se esta presentando un error: No es posible registrar turno dado el paciente o el odontologo no fueron encontrados
[2023-04-07 16:53:25] [ INFO ] [TurnoService:101] Se comenzo la búsqueda de los turnos.
[2023-04-07 16:55:44] [ INFO ] [OdontologoService:23] Se comenzo el registro del odontologo con nombre: Yohana
[2023-04-07 16:55:46] [ INFO ] [OdontologoService:46] Se comenzo la búsqueda de los odontologos.
[2023-04-07 17:31:11] [ INFO ] [OdontologoService:23] Se comenzo el registro del odontologo con nombre: Juan Pablo
[2023-04-07 17:31:14] [ INFO ] [OdontologoService:46] Se comenzo la búsqueda de los odontologos.
[2023-04-07 17:47:58] [ INFO ] [OdontologoService:23] Se comenzo el registro del odontologo con nombre: Yohana
[2023-04-07 17:48:01] [ INFO ] [OdontologoService:46] Se comenzo la búsqueda de los odontologos.
[2023-04-07 17:48:19] [ INFO ] [PacienteService:60] Se comenzo la búsqueda del odontologo con Email: yohaskj22@gmail.com
[2023-04-07 17:48:19] [ INFO ] [PacienteService:26] Se comenzo el registro del paciente con nombre: Yohana
[2023-04-07 17:48:21] [ INFO ] [PacienteService:55] Se comenzo la búsqueda de los pacientes.
[2023-04-07 17:48:34] [ INFO ] [OdontologoService:27] Se comenzo la búsqueda del odontologo con ID: 1
[2023-04-07 17:48:34] [ INFO ] [PacienteService:31] Se comenzo la búsqueda del paciente con ID: 1
[2023-04-07 17:48:34] [ INFO ] [TurnoService:33] Comenzo el registo del TurnoDTO con ID: null
[2023-04-07 17:58:29] [ INFO ] [PacienteService:55] Se comenzo la búsqueda de los pacientes.
[2023-04-07 18:09:13] [ INFO ] [OdontologoService:46] Se comenzo la búsqueda de los odontologos.
[2023-04-07 18:47:33] [ INFO ] [OdontologoService:46] Se comenzo la búsqueda de los odontologos.
[2023-04-07 18:49:12] [ INFO ] [OdontologoService:46] Se comenzo la búsqueda de los odontologos.
[2023-04-07 18:58:37] [ INFO ] [OdontologoService:46] Se comenzo la búsqueda de los odontologos.
[2023-04-07 18:58:39] [ INFO ] [PacienteService:55] Se comenzo la búsqueda de los pacientes.
[2023-04-07 18:58:44] [ INFO ] [PacienteService:55] Se comenzo la búsqueda de los pacientes.
[2023-04-07 18:58:53] [ INFO ] [PacienteService:55] Se comenzo la búsqueda de los pacientes.
[2023-04-07 18:59:01] [ INFO ] [OdontologoService:46] Se comenzo la búsqueda de los odontologos.
[2023-04-07 18:59:03] [ INFO ] [PacienteService:55] Se comenzo la búsqueda de los pacientes.
[2023-04-07 19:10:14] [ INFO ] [PacienteService:55] Se comenzo la búsqueda de los pacientes.
[2023-04-07 19:11:30] [ INFO ] [OdontologoService:23] Se comenzo el registro del odontologo con nombre: Carolina
[2023-04-07 19:11:32] [ INFO ] [OdontologoService:46] Se comenzo la búsqueda de los odontologos.
[2023-04-07 19:11:45] [ INFO ] [PacienteService:60] Se comenzo la búsqueda del odontologo con Email: diego@hotmail.com
[2023-04-07 19:11:45] [ INFO ] [PacienteService:26] Se comenzo el registro del paciente con nombre: diego
[2023-04-07 19:11:47] [ INFO ] [PacienteService:55] Se comenzo la búsqueda de los pacientes.
[2023-04-07 21:56:17] [ INFO ] [OdontologoService:46] Se comenzo la búsqueda de los odontologos.
[2023-04-07 21:56:20] [ INFO ] [PacienteService:55] Se comenzo la búsqueda de los pacientes.
[2023-04-07 21:58:33] [ INFO ] [OdontologoService:27] Se comenzo la búsqueda del odontologo con ID: 1
[2023-04-07 21:58:33] [ ERROR] [GlobalExceptions:22] Se esta presentando un error: No es posible registrar turno dado el paciente o el odontologo no fueron encontrados
[2023-04-07 21:59:07] [ INFO ] [OdontologoService:46] Se comenzo la búsqueda de los odontologos.
[2023-04-07 21:59:11] [ INFO ] [PacienteService:55] Se comenzo la búsqueda de los pacientes.
[2023-04-07 21:59:19] [ INFO ] [OdontologoService:23] Se comenzo el registro del odontologo con nombre: Carolina
[2023-04-07 21:59:21] [ INFO ] [OdontologoService:46] Se comenzo la búsqueda de los odontologos.
[2023-04-07 21:59:37] [ INFO ] [PacienteService:60] Se comenzo la búsqueda del odontologo con Email: yohaskj22@gmail.com
[2023-04-07 21:59:37] [ INFO ] [PacienteService:26] Se comenzo el registro del paciente con nombre: Yohana
[2023-04-07 21:59:38] [ INFO ] [PacienteService:55] Se comenzo la búsqueda de los pacientes.
[2023-04-07 22:03:19] [ INFO ] [TurnoService:101] Se comenzo la búsqueda de los turnos.
[2023-04-07 22:13:53] [ INFO ] [PacienteService:55] Se comenzo la búsqueda de los pacientes.
[2023-04-07 22:13:55] [ INFO ] [OdontologoService:46] Se comenzo la búsqueda de los odontologos.
